#
# There is insufficient memory for the Java Runtime Environment to continue.
# Native memory allocation (mmap) failed to map 28311552 bytes for G1 virtual space
# Possible reasons:
#   The system is out of physical RAM or swap space
#   The process is running with CompressedOops enabled, and the Java Heap may be blocking the growth of the native heap
# Possible solutions:
#   Reduce memory load on the system
#   Increase physical memory or swap space
#   Check if swap backing store is full
#   Decrease Java heap size (-Xmx/-Xms)
#   Decrease number of Java threads
#   Decrease Java thread stack sizes (-Xss)
#   Set larger code cache with -XX:ReservedCodeCacheSize=
#   JVM is running with Unscaled Compressed Oops mode in which the Java heap is
#     placed in the first 4GB address space. The Java Heap base address is the
#     maximum limit for the native heap growth. Please use -XX:HeapBaseMinAddress
#     to set the Java Heap base and to place the Java Heap above 4GB virtual address.
# This output file may be truncated or incomplete.
#
#  Out of Memory Error (os_windows.cpp:3769), pid=16280, tid=9128
#
# JRE version: OpenJDK Runtime Environment (17.0.6) (build 17.0.6+0-b2043.56-10027231)
# Java VM: OpenJDK 64-Bit Server VM (17.0.6+0-b2043.56-10027231, mixed mode, tiered, compressed oops, compressed class ptrs, g1 gc, windows-amd64)
# No core dump will be written. Minidumps are not enabled by default on client versions of Windows
#

---------------  S U M M A R Y ------------

Command Line: --add-opens=java.base/java.util=ALL-UNNAMED --add-opens=java.base/java.lang=ALL-UNNAMED --add-opens=java.base/java.lang.invoke=ALL-UNNAMED --add-opens=java.prefs/java.util.prefs=ALL-UNNAMED --add-opens=java.base/java.nio.charset=ALL-UNNAMED --add-opens=java.base/java.net=ALL-UNNAMED --add-opens=java.base/java.util.concurrent.atomic=ALL-UNNAMED -Xmx2048m -Dfile.encoding=UTF-8 -Duser.country=US -Duser.language=en -Duser.variant org.gradle.launcher.daemon.bootstrap.GradleDaemon 8.0

Host: Intel(R) Core(TM) i5-10500H CPU @ 2.50GHz, 12 cores, 7G,  Windows 11 , 64 bit Build 22621 (10.0.22621.2215)
Time: Sat Sep 23 01:21:07 2023 Egypt Daylight Time elapsed time: 7.686790 seconds (0d 0h 0m 7s)

---------------  T H R E A D  ---------------

Current thread (0x000001958442ecd0):  VMThread "VM Thread" [stack: 0x0000006664b00000,0x0000006664c00000] [id=9128]

Stack: [0x0000006664b00000,0x0000006664c00000]
Native frames: (J=compiled Java code, j=interpreted, Vv=VM code, C=native code)
V  [jvm.dll+0x683c9a]
V  [jvm.dll+0x8427a4]
V  [jvm.dll+0x843f9e]
V  [jvm.dll+0x844603]
V  [jvm.dll+0x249b75]
V  [jvm.dll+0x680b69]
V  [jvm.dll+0x67505a]
V  [jvm.dll+0x309acb]
V  [jvm.dll+0x310f86]
V  [jvm.dll+0x3608ee]
V  [jvm.dll+0x360b1f]
V  [jvm.dll+0x2dfbf8]
V  [jvm.dll+0x2ddec4]
V  [jvm.dll+0x2dd4cc]
V  [jvm.dll+0x321f3b]
V  [jvm.dll+0x848ccb]
V  [jvm.dll+0x849a04]
V  [jvm.dll+0x849f1d]
V  [jvm.dll+0x84a2f4]
V  [jvm.dll+0x84a3c0]
V  [jvm.dll+0x7f274a]
V  [jvm.dll+0x682ad5]
C  [ucrtbase.dll+0x29363]
C  [KERNEL32.DLL+0x1257d]
C  [ntdll.dll+0x5aa68]

VM_Operation (0x00000066663f05a0): G1CollectForAllocation, mode: safepoint, requested by thread 0x00000195879a13f0


---------------  P R O C E S S  ---------------

Threads class SMR info:
_java_thread_list=0x00000195879baf90, length=168, elements={
0x00000195ea158fb0, 0x00000195843fbd80, 0x00000195843fcbf0, 0x000001958501e770,
0x000001958501f320, 0x000001958501fed0, 0x0000019585020880, 0x0000019585035020,
0x0000019585038720, 0x0000019585039110, 0x00000195851f1340, 0x0000019585215ca0,
0x0000019587c79240, 0x00000195880bfdf0, 0x000001958802b260, 0x00000195862b1250,
0x000001958802b730, 0x0000019587af5140, 0x00000195879a13f0, 0x00000195877b6820,
0x00000195877b6350, 0x00000195877b54e0, 0x00000195877b5e80, 0x00000195877b5010,
0x00000195877b59b0, 0x00000195877b2e60, 0x00000195877b41a0, 0x00000195877b3330,
0x00000195877b3800, 0x00000195877b3cd0, 0x00000195877b4b40, 0x00000195877b4670,
0x0000019588a062f0, 0x0000019588a0a650, 0x0000019588a0aff0, 0x0000019588a09310,
0x0000019588a0ab20, 0x0000019588a06c90, 0x0000019588a067c0, 0x0000019588a07160,
0x0000019588a07fd0, 0x0000019588a04fb0, 0x0000019588a05480, 0x0000019588a0b990,
0x0000019588a0b4c0, 0x0000019588a05950, 0x0000019588a07b00, 0x0000019588a0be60,
0x0000019588a084a0, 0x0000019588a08970, 0x0000019588a08e40, 0x00000195861ea4c0,
0x00000195861ecb40, 0x00000195861efb60, 0x00000195861ec670, 0x00000195861e9650,
0x00000195861e8310, 0x00000195861e9180, 0x00000195861e9ff0, 0x00000195861eb800,
0x00000195861ed9b0, 0x00000195861ee350, 0x00000195861ee820, 0x00000195861ed4e0,
0x00000195861ed010, 0x00000195861e87e0, 0x00000195861ea990, 0x00000195861ebcd0,
0x00000195861ef690, 0x00000195861eae60, 0x00000195861eb330, 0x00000195861ede80,
0x00000195861eecf0, 0x00000195861e8cb0, 0x00000195861ec1a0, 0x00000195861e9b20,
0x00000195861ef1c0, 0x000001958a709a20, 0x000001958a70ca40, 0x000001958a708210,
0x000001958a7086e0, 0x000001958a706ed0, 0x000001958a706530, 0x000001958a70cf10,
0x000001958a70b700, 0x000001958a70a3c0, 0x000001958a709ef0, 0x000001958a707870,
0x000001958a70c570, 0x000001958a707d40, 0x000001958a7073a0, 0x000001958a706a00,
0x000001958a70d3e0, 0x000001958a70bbd0, 0x000001958a70d8b0, 0x000001958a706060,
0x000001958a70a890, 0x000001958a708bb0, 0x000001958a70ad60, 0x000001958a709080,
0x000001958a70b230, 0x000001958a70c0a0, 0x000001958a709550, 0x0000019585337510,
0x00000195853366a0, 0x0000019585338850, 0x000001958533b3a0, 0x000001958533b870,
0x0000019585338d20, 0x000001958533bd40, 0x000001958533c210, 0x0000019585337040,
0x0000019585337eb0, 0x0000019585334e90, 0x0000019585335830, 0x000001958533aed0,
0x00000195853379e0, 0x000001958533c6e0, 0x0000019585338380, 0x0000019585335360,
0x00000195853396c0, 0x0000019585335d00, 0x0000019585339b90, 0x00000195853361d0,
0x000001958533a060, 0x0000019585336b70, 0x00000195853391f0, 0x000001958533a530,
0x000001958533aa00, 0x00000195852ea100, 0x00000195852eb910, 0x00000195852eb440,
0x00000195852ea5d0, 0x00000195852e6c10, 0x00000195852e7a80, 0x00000195852eaaa0,
0x00000195852eaf70, 0x00000195852e7f50, 0x00000195852e8dc0, 0x00000195852ebde0,
0x00000195852e8420, 0x00000195852e6740, 0x00000195852e9c30, 0x00000195852e88f0,
0x00000195852e5400, 0x00000195852ec2b0, 0x00000195852e58d0, 0x00000195852ec780,
0x00000195852e4f30, 0x00000195852e5da0, 0x00000195852e70e0, 0x00000195852e6270,
0x00000195852e9290, 0x00000195852e75b0, 0x00000195852e9760, 0x0000019587db5eb0,
0x0000019587db8530, 0x0000019587db41d0, 0x0000019587db8a00, 0x0000019587db3360,
0x0000019587db46a0, 0x0000019587db2e90, 0x0000019587db3830, 0x0000019587db59e0,
0x0000019587db4b70, 0x0000019587db24f0, 0x0000019587db29c0, 0x0000019587db6380
}

Java Threads: ( => current thread )
  0x00000195ea158fb0 JavaThread "main" [_thread_blocked, id=8768, stack(0x0000006664500000,0x0000006664600000)]
  0x00000195843fbd80 JavaThread "Reference Handler" daemon [_thread_blocked, id=16780, stack(0x0000006664c00000,0x0000006664d00000)]
  0x00000195843fcbf0 JavaThread "Finalizer" daemon [_thread_blocked, id=12720, stack(0x0000006664d00000,0x0000006664e00000)]
  0x000001958501e770 JavaThread "Signal Dispatcher" daemon [_thread_blocked, id=11124, stack(0x0000006664e00000,0x0000006664f00000)]
  0x000001958501f320 JavaThread "Attach Listener" daemon [_thread_blocked, id=8396, stack(0x0000006664f00000,0x0000006665000000)]
  0x000001958501fed0 JavaThread "Service Thread" daemon [_thread_blocked, id=6872, stack(0x0000006665000000,0x0000006665100000)]
  0x0000019585020880 JavaThread "Monitor Deflation Thread" daemon [_thread_blocked, id=1868, stack(0x0000006665100000,0x0000006665200000)]
  0x0000019585035020 JavaThread "C2 CompilerThread0" daemon [_thread_blocked, id=13944, stack(0x0000006665200000,0x0000006665300000)]
  0x0000019585038720 JavaThread "C1 CompilerThread0" daemon [_thread_blocked, id=20156, stack(0x0000006665300000,0x0000006665400000)]
  0x0000019585039110 JavaThread "Sweeper thread" daemon [_thread_blocked, id=15016, stack(0x0000006665400000,0x0000006665500000)]
  0x00000195851f1340 JavaThread "Common-Cleaner" daemon [_thread_blocked, id=7364, stack(0x0000006665500000,0x0000006665600000)]
  0x0000019585215ca0 JavaThread "Notification Thread" daemon [_thread_blocked, id=4680, stack(0x0000006665600000,0x0000006665700000)]
  0x0000019587c79240 JavaThread "Daemon health stats" [_thread_blocked, id=14884, stack(0x0000006665d00000,0x0000006665e00000)]
  0x00000195880bfdf0 JavaThread "Incoming local TCP Connector on port 58491" [_thread_in_native, id=9120, stack(0x0000006665e00000,0x0000006665f00000)]
  0x000001958802b260 JavaThread "Daemon periodic checks" [_thread_blocked, id=1728, stack(0x0000006665f00000,0x0000006666000000)]
  0x00000195862b1250 JavaThread "Daemon" [_thread_blocked, id=9248, stack(0x0000006666000000,0x0000006666100000)]
  0x000001958802b730 JavaThread "Handler for socket connection from /127.0.0.1:58491 to /127.0.0.1:58492" [_thread_in_native, id=12576, stack(0x0000006666100000,0x0000006666200000)]
  0x0000019587af5140 JavaThread "Cancel handler" [_thread_blocked, id=12140, stack(0x0000006666200000,0x0000006666300000)]
  0x00000195879a13f0 JavaThread "Daemon worker" [_thread_blocked, id=21212, stack(0x0000006666300000,0x0000006666400000)]
  0x00000195877b6820 JavaThread "Asynchronous log dispatcher for DefaultDaemonConnection: socket connection from /127.0.0.1:58491 to /127.0.0.1:58492" [_thread_blocked, id=11828, stack(0x0000006666400000,0x0000006666500000)]
  0x00000195877b6350 JavaThread "Stdin handler" [_thread_blocked, id=2912, stack(0x0000006666500000,0x0000006666600000)]
  0x00000195877b54e0 JavaThread "Daemon client event forwarder" [_thread_blocked, id=14064, stack(0x0000006666600000,0x0000006666700000)]
  0x00000195877b5e80 JavaThread "Cache worker for journal cache (C:\Users\DELL\.gradle\caches\journal-1)" [_thread_blocked, id=16964, stack(0x0000006666e00000,0x0000006666f00000)]
  0x00000195877b5010 JavaThread "File lock request listener" [_thread_in_native, id=6620, stack(0x0000006666f00000,0x0000006667000000)]
  0x00000195877b59b0 JavaThread "Cache worker for file hash cache (C:\Users\DELL\.gradle\caches\8.0\fileHashes)" [_thread_blocked, id=20352, stack(0x0000006667000000,0x0000006667100000)]
  0x00000195877b2e60 JavaThread "File watcher server" daemon [_thread_in_native, id=3564, stack(0x0000006667100000,0x0000006667200000)]
  0x00000195877b41a0 JavaThread "File watcher consumer" daemon [_thread_blocked, id=15396, stack(0x0000006667200000,0x0000006667300000)]
  0x00000195877b3330 JavaThread "jar transforms" [_thread_blocked, id=14876, stack(0x0000006667300000,0x0000006667400000)]
  0x00000195877b3800 JavaThread "jar transforms Thread 2" [_thread_blocked, id=13328, stack(0x0000006667400000,0x0000006667500000)]
  0x00000195877b3cd0 JavaThread "jar transforms Thread 3" [_thread_blocked, id=1664, stack(0x0000006667500000,0x0000006667600000)]
  0x00000195877b4b40 JavaThread "jar transforms Thread 4" [_thread_blocked, id=6996, stack(0x0000006667600000,0x0000006667700000)]
  0x00000195877b4670 JavaThread "jar transforms Thread 5" [_thread_blocked, id=16016, stack(0x0000006667700000,0x0000006667800000)]
  0x0000019588a062f0 JavaThread "jar transforms Thread 6" [_thread_blocked, id=14692, stack(0x0000006667800000,0x0000006667900000)]
  0x0000019588a0a650 JavaThread "jar transforms Thread 7" [_thread_blocked, id=7176, stack(0x0000006667900000,0x0000006667a00000)]
  0x0000019588a0aff0 JavaThread "jar transforms Thread 8" [_thread_blocked, id=21444, stack(0x0000006667a00000,0x0000006667b00000)]
  0x0000019588a09310 JavaThread "jar transforms Thread 9" [_thread_blocked, id=12828, stack(0x0000006667b00000,0x0000006667c00000)]
  0x0000019588a0ab20 JavaThread "jar transforms Thread 10" [_thread_blocked, id=21496, stack(0x0000006667c00000,0x0000006667d00000)]
  0x0000019588a06c90 JavaThread "jar transforms Thread 11" [_thread_blocked, id=2868, stack(0x0000006667d00000,0x0000006667e00000)]
  0x0000019588a067c0 JavaThread "jar transforms Thread 12" [_thread_blocked, id=11992, stack(0x0000006667e00000,0x0000006667f00000)]
  0x0000019588a07160 JavaThread "Cache worker for checksums cache (D:\Android Tasks\Task_android5 (Kotlin)\.gradle\8.0\checksums)" [_thread_blocked, id=10668, stack(0x0000006667f00000,0x0000006668000000)]
  0x0000019588a07fd0 JavaThread "Cache worker for cache directory md-rule (C:\Users\DELL\.gradle\caches\8.0\md-rule)" [_thread_blocked, id=19972, stack(0x0000006668000000,0x0000006668100000)]
  0x0000019588a04fb0 JavaThread "Cache worker for file content cache (C:\Users\DELL\.gradle\caches\8.0\fileContent)" [_thread_blocked, id=7772, stack(0x0000006668100000,0x0000006668200000)]
  0x0000019588a05480 JavaThread "Cache worker for file hash cache (D:\Android Tasks\Task_android5 (Kotlin)\.gradle\8.0\fileHashes)" [_thread_blocked, id=9580, stack(0x0000006668200000,0x0000006668300000)]
  0x0000019588a0b990 JavaThread "Cache worker for cache directory md-supplier (C:\Users\DELL\.gradle\caches\8.0\md-supplier)" [_thread_blocked, id=16704, stack(0x0000006668300000,0x0000006668400000)]
  0x0000019588a0b4c0 JavaThread "Cache worker for execution history cache (C:\Users\DELL\.gradle\caches\8.0\executionHistory)" [_thread_blocked, id=16876, stack(0x0000006668400000,0x0000006668500000)]
  0x0000019588a05950 JavaThread "Cache worker for kotlin-dsl (C:\Users\DELL\.gradle\caches\8.0\kotlin-dsl)" [_thread_blocked, id=11824, stack(0x0000006668500000,0x0000006668600000)]
  0x0000019588a07b00 JavaThread "Cache worker for dependencies-accessors (D:\Android Tasks\Task_android5 (Kotlin)\.gradle\8.0\dependencies-accessors)" [_thread_blocked, id=13900, stack(0x0000006668600000,0x0000006668700000)]
  0x0000019588a0be60 JavaThread "Cache worker for Build Output Cleanup Cache (D:\Android Tasks\Task_android5 (Kotlin)\.gradle\buildOutputCleanup)" [_thread_blocked, id=3396, stack(0x0000006668700000,0x0000006668800000)]
  0x0000019588a084a0 JavaThread "Unconstrained build operations" [_thread_blocked, id=9488, stack(0x0000006668800000,0x0000006668900000)]
  0x0000019588a08970 JavaThread "Unconstrained build operations Thread 2" [_thread_blocked, id=12440, stack(0x0000006668900000,0x0000006668a00000)]
  0x0000019588a08e40 JavaThread "Unconstrained build operations Thread 3" [_thread_blocked, id=18524, stack(0x0000006668a00000,0x0000006668b00000)]
  0x00000195861ea4c0 JavaThread "Unconstrained build operations Thread 4" [_thread_blocked, id=3060, stack(0x0000006668b00000,0x0000006668c00000)]
  0x00000195861ecb40 JavaThread "Unconstrained build operations Thread 5" [_thread_blocked, id=16336, stack(0x0000006668c00000,0x0000006668d00000)]
  0x00000195861efb60 JavaThread "Unconstrained build operations Thread 6" [_thread_blocked, id=19020, stack(0x0000006668d00000,0x0000006668e00000)]
  0x00000195861ec670 JavaThread "Unconstrained build operations Thread 7" [_thread_blocked, id=18932, stack(0x0000006668e00000,0x0000006668f00000)]
  0x00000195861e9650 JavaThread "Unconstrained build operations Thread 8" [_thread_blocked, id=14648, stack(0x0000006668f00000,0x0000006669000000)]
  0x00000195861e8310 JavaThread "Unconstrained build operations Thread 9" [_thread_blocked, id=19192, stack(0x0000006669000000,0x0000006669100000)]
  0x00000195861e9180 JavaThread "Unconstrained build operations Thread 10" [_thread_blocked, id=18844, stack(0x0000006669100000,0x0000006669200000)]
  0x00000195861e9ff0 JavaThread "Unconstrained build operations Thread 11" [_thread_blocked, id=8404, stack(0x0000006669200000,0x0000006669300000)]
  0x00000195861eb800 JavaThread "Unconstrained build operations Thread 12" [_thread_blocked, id=19352, stack(0x0000006669300000,0x0000006669400000)]
  0x00000195861ed9b0 JavaThread "Unconstrained build operations Thread 13" [_thread_blocked, id=13180, stack(0x0000006669400000,0x0000006669500000)]
  0x00000195861ee350 JavaThread "Unconstrained build operations Thread 14" [_thread_blocked, id=11432, stack(0x0000006669500000,0x0000006669600000)]
  0x00000195861ee820 JavaThread "Unconstrained build operations Thread 15" [_thread_blocked, id=11472, stack(0x0000006669600000,0x0000006669700000)]
  0x00000195861ed4e0 JavaThread "Unconstrained build operations Thread 16" [_thread_blocked, id=13000, stack(0x0000006669700000,0x0000006669800000)]
  0x00000195861ed010 JavaThread "Unconstrained build operations Thread 17" [_thread_blocked, id=16236, stack(0x0000006669800000,0x0000006669900000)]
  0x00000195861e87e0 JavaThread "Unconstrained build operations Thread 18" [_thread_blocked, id=15240, stack(0x0000006669900000,0x0000006669a00000)]
  0x00000195861ea990 JavaThread "Unconstrained build operations Thread 19" [_thread_blocked, id=7548, stack(0x0000006669a00000,0x0000006669b00000)]
  0x00000195861ebcd0 JavaThread "Unconstrained build operations Thread 20" [_thread_blocked, id=8488, stack(0x0000006669b00000,0x0000006669c00000)]
  0x00000195861ef690 JavaThread "Unconstrained build operations Thread 21" [_thread_blocked, id=13564, stack(0x0000006669c00000,0x0000006669d00000)]
  0x00000195861eae60 JavaThread "Unconstrained build operations Thread 22" [_thread_blocked, id=19416, stack(0x0000006669d00000,0x0000006669e00000)]
  0x00000195861eb330 JavaThread "Unconstrained build operations Thread 23" [_thread_blocked, id=15428, stack(0x0000006669e00000,0x0000006669f00000)]
  0x00000195861ede80 JavaThread "Unconstrained build operations Thread 24" [_thread_blocked, id=2648, stack(0x0000006669f00000,0x000000666a000000)]
  0x00000195861eecf0 JavaThread "Unconstrained build operations Thread 25" [_thread_blocked, id=14748, stack(0x000000666a000000,0x000000666a100000)]
  0x00000195861e8cb0 JavaThread "Unconstrained build operations Thread 26" [_thread_blocked, id=3572, stack(0x000000666a100000,0x000000666a200000)]
  0x00000195861ec1a0 JavaThread "Unconstrained build operations Thread 27" [_thread_blocked, id=6552, stack(0x000000666a200000,0x000000666a300000)]
  0x00000195861e9b20 JavaThread "Unconstrained build operations Thread 28" [_thread_blocked, id=14932, stack(0x000000666a300000,0x000000666a400000)]
  0x00000195861ef1c0 JavaThread "Unconstrained build operations Thread 29" [_thread_blocked, id=11300, stack(0x000000666a400000,0x000000666a500000)]
  0x000001958a709a20 JavaThread "Unconstrained build operations Thread 30" [_thread_blocked, id=20696, stack(0x000000666a500000,0x000000666a600000)]
  0x000001958a70ca40 JavaThread "Unconstrained build operations Thread 31" [_thread_blocked, id=16916, stack(0x000000666a600000,0x000000666a700000)]
  0x000001958a708210 JavaThread "Unconstrained build operations Thread 32" [_thread_blocked, id=3856, stack(0x000000666a700000,0x000000666a800000)]
  0x000001958a7086e0 JavaThread "Unconstrained build operations Thread 33" [_thread_blocked, id=7116, stack(0x000000666a800000,0x000000666a900000)]
  0x000001958a706ed0 JavaThread "Unconstrained build operations Thread 34" [_thread_blocked, id=14192, stack(0x000000666a900000,0x000000666aa00000)]
  0x000001958a706530 JavaThread "Unconstrained build operations Thread 35" [_thread_blocked, id=5216, stack(0x000000666aa00000,0x000000666ab00000)]
  0x000001958a70cf10 JavaThread "Unconstrained build operations Thread 36" [_thread_blocked, id=16096, stack(0x000000666ab00000,0x000000666ac00000)]
  0x000001958a70b700 JavaThread "Unconstrained build operations Thread 37" [_thread_blocked, id=6624, stack(0x000000666ac00000,0x000000666ad00000)]
  0x000001958a70a3c0 JavaThread "Unconstrained build operations Thread 38" [_thread_blocked, id=11348, stack(0x000000666ad00000,0x000000666ae00000)]
  0x000001958a709ef0 JavaThread "Unconstrained build operations Thread 39" [_thread_blocked, id=11596, stack(0x000000666ae00000,0x000000666af00000)]
  0x000001958a707870 JavaThread "Unconstrained build operations Thread 40" [_thread_blocked, id=14232, stack(0x000000666af00000,0x000000666b000000)]
  0x000001958a70c570 JavaThread "Unconstrained build operations Thread 41" [_thread_blocked, id=9572, stack(0x000000666b000000,0x000000666b100000)]
  0x000001958a707d40 JavaThread "Unconstrained build operations Thread 42" [_thread_blocked, id=11756, stack(0x000000666b100000,0x000000666b200000)]
  0x000001958a7073a0 JavaThread "Unconstrained build operations Thread 43" [_thread_blocked, id=13192, stack(0x000000666b200000,0x000000666b300000)]
  0x000001958a706a00 JavaThread "Unconstrained build operations Thread 44" [_thread_blocked, id=14688, stack(0x000000666b300000,0x000000666b400000)]
  0x000001958a70d3e0 JavaThread "Unconstrained build operations Thread 45" [_thread_blocked, id=19524, stack(0x000000666b400000,0x000000666b500000)]
  0x000001958a70bbd0 JavaThread "Unconstrained build operations Thread 46" [_thread_blocked, id=9812, stack(0x000000666b500000,0x000000666b600000)]
  0x000001958a70d8b0 JavaThread "Unconstrained build operations Thread 47" [_thread_blocked, id=6948, stack(0x000000666b600000,0x000000666b700000)]
  0x000001958a706060 JavaThread "Unconstrained build operations Thread 48" [_thread_blocked, id=17084, stack(0x000000666b700000,0x000000666b800000)]
  0x000001958a70a890 JavaThread "Unconstrained build operations Thread 49" [_thread_blocked, id=13700, stack(0x000000666b800000,0x000000666b900000)]
  0x000001958a708bb0 JavaThread "Unconstrained build operations Thread 50" [_thread_blocked, id=904, stack(0x000000666b900000,0x000000666ba00000)]
  0x000001958a70ad60 JavaThread "Unconstrained build operations Thread 51" [_thread_blocked, id=7040, stack(0x000000666ba00000,0x000000666bb00000)]
  0x000001958a709080 JavaThread "Unconstrained build operations Thread 52" [_thread_blocked, id=13960, stack(0x000000666bb00000,0x000000666bc00000)]
  0x000001958a70b230 JavaThread "Unconstrained build operations Thread 53" [_thread_blocked, id=15632, stack(0x000000666bc00000,0x000000666bd00000)]
  0x000001958a70c0a0 JavaThread "Unconstrained build operations Thread 54" [_thread_blocked, id=1860, stack(0x000000666bd00000,0x000000666be00000)]
  0x000001958a709550 JavaThread "Unconstrained build operations Thread 55" [_thread_blocked, id=5052, stack(0x000000666be00000,0x000000666bf00000)]
  0x0000019585337510 JavaThread "Unconstrained build operations Thread 56" [_thread_blocked, id=17136, stack(0x000000666bf00000,0x000000666c000000)]
  0x00000195853366a0 JavaThread "Unconstrained build operations Thread 57" [_thread_blocked, id=13032, stack(0x000000666c000000,0x000000666c100000)]
  0x0000019585338850 JavaThread "Unconstrained build operations Thread 58" [_thread_blocked, id=17020, stack(0x000000666c100000,0x000000666c200000)]
  0x000001958533b3a0 JavaThread "Unconstrained build operations Thread 59" [_thread_blocked, id=8696, stack(0x000000666c200000,0x000000666c300000)]
  0x000001958533b870 JavaThread "Unconstrained build operations Thread 60" [_thread_blocked, id=14240, stack(0x000000666c300000,0x000000666c400000)]
  0x0000019585338d20 JavaThread "Unconstrained build operations Thread 61" [_thread_blocked, id=20792, stack(0x000000666c400000,0x000000666c500000)]
  0x000001958533bd40 JavaThread "Unconstrained build operations Thread 62" [_thread_blocked, id=1544, stack(0x000000666c500000,0x000000666c600000)]
  0x000001958533c210 JavaThread "Unconstrained build operations Thread 63" [_thread_blocked, id=13096, stack(0x000000666c600000,0x000000666c700000)]
  0x0000019585337040 JavaThread "Unconstrained build operations Thread 64" [_thread_blocked, id=12272, stack(0x000000666c700000,0x000000666c800000)]
  0x0000019585337eb0 JavaThread "Unconstrained build operations Thread 65" [_thread_blocked, id=8084, stack(0x000000666c800000,0x000000666c900000)]
  0x0000019585334e90 JavaThread "Unconstrained build operations Thread 66" [_thread_blocked, id=12972, stack(0x000000666c900000,0x000000666ca00000)]
  0x0000019585335830 JavaThread "Unconstrained build operations Thread 67" [_thread_blocked, id=1604, stack(0x000000666ca00000,0x000000666cb00000)]
  0x000001958533aed0 JavaThread "Unconstrained build operations Thread 68" [_thread_blocked, id=3544, stack(0x000000666cb00000,0x000000666cc00000)]
  0x00000195853379e0 JavaThread "Unconstrained build operations Thread 69" [_thread_blocked, id=12180, stack(0x000000666cc00000,0x000000666cd00000)]
  0x000001958533c6e0 JavaThread "Unconstrained build operations Thread 70" [_thread_blocked, id=9956, stack(0x000000666cd00000,0x000000666ce00000)]
  0x0000019585338380 JavaThread "Unconstrained build operations Thread 71" [_thread_blocked, id=11972, stack(0x000000666ce00000,0x000000666cf00000)]
  0x0000019585335360 JavaThread "Unconstrained build operations Thread 72" [_thread_blocked, id=20824, stack(0x000000666cf00000,0x000000666d000000)]
  0x00000195853396c0 JavaThread "Unconstrained build operations Thread 73" [_thread_blocked, id=5704, stack(0x000000666d000000,0x000000666d100000)]
  0x0000019585335d00 JavaThread "Unconstrained build operations Thread 74" [_thread_blocked, id=12300, stack(0x000000666d100000,0x000000666d200000)]
  0x0000019585339b90 JavaThread "Unconstrained build operations Thread 75" [_thread_blocked, id=17116, stack(0x000000666d200000,0x000000666d300000)]
  0x00000195853361d0 JavaThread "Unconstrained build operations Thread 76" [_thread_blocked, id=3948, stack(0x000000666d300000,0x000000666d400000)]
  0x000001958533a060 JavaThread "Unconstrained build operations Thread 77" [_thread_blocked, id=11976, stack(0x000000666d400000,0x000000666d500000)]
  0x0000019585336b70 JavaThread "Unconstrained build operations Thread 78" [_thread_blocked, id=17324, stack(0x000000666d500000,0x000000666d600000)]
  0x00000195853391f0 JavaThread "Unconstrained build operations Thread 79" [_thread_blocked, id=11556, stack(0x000000666d600000,0x000000666d700000)]
  0x000001958533a530 JavaThread "Unconstrained build operations Thread 80" [_thread_blocked, id=18760, stack(0x000000666d700000,0x000000666d800000)]
  0x000001958533aa00 JavaThread "Unconstrained build operations Thread 81" [_thread_blocked, id=19064, stack(0x000000666d800000,0x000000666d900000)]
  0x00000195852ea100 JavaThread "Unconstrained build operations Thread 82" [_thread_blocked, id=7328, stack(0x000000666d900000,0x000000666da00000)]
  0x00000195852eb910 JavaThread "Unconstrained build operations Thread 83" [_thread_blocked, id=7144, stack(0x000000666da00000,0x000000666db00000)]
  0x00000195852eb440 JavaThread "Unconstrained build operations Thread 84" [_thread_blocked, id=2560, stack(0x000000666db00000,0x000000666dc00000)]
  0x00000195852ea5d0 JavaThread "Unconstrained build operations Thread 85" [_thread_blocked, id=8924, stack(0x000000666dc00000,0x000000666dd00000)]
  0x00000195852e6c10 JavaThread "Unconstrained build operations Thread 86" [_thread_blocked, id=17172, stack(0x000000666dd00000,0x000000666de00000)]
  0x00000195852e7a80 JavaThread "Unconstrained build operations Thread 87" [_thread_blocked, id=17960, stack(0x000000666de00000,0x000000666df00000)]
  0x00000195852eaaa0 JavaThread "Unconstrained build operations Thread 88" [_thread_blocked, id=17200, stack(0x000000666df00000,0x000000666e000000)]
  0x00000195852eaf70 JavaThread "Unconstrained build operations Thread 89" [_thread_blocked, id=1180, stack(0x000000666e000000,0x000000666e100000)]
  0x00000195852e7f50 JavaThread "Unconstrained build operations Thread 90" [_thread_blocked, id=18996, stack(0x000000666e100000,0x000000666e200000)]
  0x00000195852e8dc0 JavaThread "Unconstrained build operations Thread 91" [_thread_blocked, id=7844, stack(0x000000666e200000,0x000000666e300000)]
  0x00000195852ebde0 JavaThread "Unconstrained build operations Thread 92" [_thread_blocked, id=5164, stack(0x000000666e300000,0x000000666e400000)]
  0x00000195852e8420 JavaThread "Unconstrained build operations Thread 93" [_thread_blocked, id=12896, stack(0x000000666e400000,0x000000666e500000)]
  0x00000195852e6740 JavaThread "Unconstrained build operations Thread 94" [_thread_blocked, id=16944, stack(0x000000666e500000,0x000000666e600000)]
  0x00000195852e9c30 JavaThread "Unconstrained build operations Thread 95" [_thread_blocked, id=20160, stack(0x000000666e600000,0x000000666e700000)]
  0x00000195852e88f0 JavaThread "Unconstrained build operations Thread 96" [_thread_blocked, id=15724, stack(0x000000666e700000,0x000000666e800000)]
  0x00000195852e5400 JavaThread "Unconstrained build operations Thread 97" [_thread_blocked, id=11520, stack(0x000000666e800000,0x000000666e900000)]
  0x00000195852ec2b0 JavaThread "Unconstrained build operations Thread 98" [_thread_blocked, id=12852, stack(0x000000666e900000,0x000000666ea00000)]
  0x00000195852e58d0 JavaThread "Unconstrained build operations Thread 99" [_thread_blocked, id=20532, stack(0x000000666ea00000,0x000000666eb00000)]
  0x00000195852ec780 JavaThread "Unconstrained build operations Thread 100" [_thread_blocked, id=1684, stack(0x000000666eb00000,0x000000666ec00000)]
  0x00000195852e4f30 JavaThread "Unconstrained build operations Thread 101" [_thread_blocked, id=8512, stack(0x000000666ec00000,0x000000666ed00000)]
  0x00000195852e5da0 JavaThread "Unconstrained build operations Thread 102" [_thread_blocked, id=19928, stack(0x000000666ed00000,0x000000666ee00000)]
  0x00000195852e70e0 JavaThread "Unconstrained build operations Thread 103" [_thread_blocked, id=2852, stack(0x000000666ee00000,0x000000666ef00000)]
  0x00000195852e6270 JavaThread "Unconstrained build operations Thread 104" [_thread_blocked, id=17220, stack(0x000000666ef00000,0x000000666f000000)]
  0x00000195852e9290 JavaThread "Unconstrained build operations Thread 105" [_thread_blocked, id=16012, stack(0x000000666f000000,0x000000666f100000)]
  0x00000195852e75b0 JavaThread "Unconstrained build operations Thread 106" [_thread_blocked, id=15780, stack(0x000000666f100000,0x000000666f200000)]
  0x00000195852e9760 JavaThread "Unconstrained build operations Thread 107" [_thread_blocked, id=1288, stack(0x000000666f200000,0x000000666f300000)]
  0x0000019587db5eb0 JavaThread "Unconstrained build operations Thread 108" [_thread_blocked, id=18748, stack(0x000000666f300000,0x000000666f400000)]
  0x0000019587db8530 JavaThread "Unconstrained build operations Thread 109" [_thread_blocked, id=18316, stack(0x000000666f400000,0x000000666f500000)]
  0x0000019587db41d0 JavaThread "Unconstrained build operations Thread 110" [_thread_blocked, id=16620, stack(0x000000666f500000,0x000000666f600000)]
  0x0000019587db8a00 JavaThread "Unconstrained build operations Thread 111" [_thread_blocked, id=17612, stack(0x000000666f600000,0x000000666f700000)]
  0x0000019587db3360 JavaThread "Unconstrained build operations Thread 112" [_thread_blocked, id=17032, stack(0x000000666f700000,0x000000666f800000)]
  0x0000019587db46a0 JavaThread "Unconstrained build operations Thread 113" [_thread_blocked, id=16036, stack(0x000000666f800000,0x000000666f900000)]
  0x0000019587db2e90 JavaThread "Unconstrained build operations Thread 114" [_thread_blocked, id=15464, stack(0x000000666f900000,0x000000666fa00000)]
  0x0000019587db3830 JavaThread "Unconstrained build operations Thread 115" [_thread_blocked, id=20580, stack(0x000000666fa00000,0x000000666fb00000)]
  0x0000019587db59e0 JavaThread "Unconstrained build operations Thread 116" [_thread_blocked, id=20804, stack(0x000000666fb00000,0x000000666fc00000)]
  0x0000019587db4b70 JavaThread "Unconstrained build operations Thread 117" [_thread_blocked, id=9984, stack(0x000000666fc00000,0x000000666fd00000)]
  0x0000019587db24f0 JavaThread "Unconstrained build operations Thread 118" [_thread_blocked, id=16804, stack(0x000000666fd00000,0x000000666fe00000)]
  0x0000019587db29c0 JavaThread "Unconstrained build operations Thread 119" [_thread_blocked, id=19328, stack(0x000000666fe00000,0x000000666ff00000)]
  0x0000019587db6380 JavaThread "Unconstrained build operations Thread 120" [_thread_blocked, id=2272, stack(0x000000666ff00000,0x0000006670000000)]

Other Threads:
=>0x000001958442ecd0 VMThread "VM Thread" [stack: 0x0000006664b00000,0x0000006664c00000] [id=9128]
  0x00000195ea1cc8a0 WatcherThread [stack: 0x0000006665700000,0x0000006665800000] [id=6584]
  0x00000195ea1b4190 GCTaskThread "GC Thread#0" [stack: 0x0000006664600000,0x0000006664700000] [id=4332]
  0x0000019585ce2960 GCTaskThread "GC Thread#1" [stack: 0x0000006665900000,0x0000006665a00000] [id=19716]
  0x0000019585e9fcc0 GCTaskThread "GC Thread#2" [stack: 0x0000006665a00000,0x0000006665b00000] [id=12648]
  0x0000019585935b00 GCTaskThread "GC Thread#3" [stack: 0x0000006665b00000,0x0000006665c00000] [id=15024]
  0x00000195858d50d0 GCTaskThread "GC Thread#4" [stack: 0x0000006665c00000,0x0000006665d00000] [id=8980]
  0x000001958779ff10 GCTaskThread "GC Thread#5" [stack: 0x0000006666700000,0x0000006666800000] [id=8368]
  0x00000195877a0f30 GCTaskThread "GC Thread#6" [stack: 0x0000006666800000,0x0000006666900000] [id=17668]
  0x00000195877a0720 GCTaskThread "GC Thread#7" [stack: 0x0000006666900000,0x0000006666a00000] [id=19900]
  0x00000195877a0470 GCTaskThread "GC Thread#8" [stack: 0x0000006666a00000,0x0000006666b00000] [id=5756]
  0x00000195877a11e0 GCTaskThread "GC Thread#9" [stack: 0x0000006666b00000,0x0000006666c00000] [id=12716]
  0x00000195ea1c50d0 ConcurrentGCThread "G1 Main Marker" [stack: 0x0000006664700000,0x0000006664800000] [id=18680]
  0x00000195ea1c7290 ConcurrentGCThread "G1 Conc#0" [stack: 0x0000006664800000,0x0000006664900000] [id=10964]
  0x00000195877a01c0 ConcurrentGCThread "G1 Conc#1" [stack: 0x0000006666c00000,0x0000006666d00000] [id=7668]
  0x00000195877a09d0 ConcurrentGCThread "G1 Conc#2" [stack: 0x0000006666d00000,0x0000006666e00000] [id=12032]
  0x00000195ea21e9c0 ConcurrentGCThread "G1 Refine#0" [stack: 0x0000006664900000,0x0000006664a00000] [id=11900]
  0x000001958426a650 ConcurrentGCThread "G1 Service" [stack: 0x0000006664a00000,0x0000006664b00000] [id=2000]

Threads with active compile tasks:
C2 CompilerThread0     7733 6800       4       java.lang.AbstractStringBuilder::append (45 bytes)

VM state: at safepoint (normal execution)

VM Mutex/Monitor currently owned by a thread:  ([mutex/lock_event])
[0x00000195ea154b70] Threads_lock - owner thread: 0x000001958442ecd0
[0x00000195ea154db0] Heap_lock - owner thread: 0x00000195879a13f0

Heap address: 0x0000000080000000, size: 2048 MB, Compressed Oops mode: 32-bit

CDS archive(s) not mapped
Compressed class space mapped at: 0x0000000100000000-0x0000000140000000, reserved size: 1073741824
Narrow klass base: 0x0000000000000000, Narrow klass shift: 3, Narrow klass range: 0x140000000

GC Precious Log:
 CPUs: 12 total, 12 available
 Memory: 7967M
 Large Page Support: Disabled
 NUMA Support: Disabled
 Compressed Oops: Enabled (32-bit)
 Heap Region Size: 1M
 Heap Min Capacity: 8M
 Heap Initial Capacity: 126M
 Heap Max Capacity: 2G
 Pre-touch: Disabled
 Parallel Workers: 10
 Concurrent Workers: 3
 Concurrent Refinement Workers: 10
 Periodic GC: Disabled

Heap:
 garbage-first heap   total 138240K, used 94711K [0x0000000080000000, 0x0000000100000000)
  region size 1024K, 5 young (5120K), 5 survivors (5120K)
 Metaspace       used 66322K, committed 67008K, reserved 1114112K
  class space    used 8869K, committed 9152K, reserved 1048576K

Heap Regions: E=young(eden), S=young(survivor), O=old, HS=humongous(starts), HC=humongous(continues), CS=collection set, F=free, OA=open archive, CA=closed archive, TAMS=top-at-mark-start (previous, next)
|   0|0x0000000080000000, 0x0000000080100000, 0x0000000080100000|100%|HS|  |TAMS 0x0000000080100000, 0x0000000080000000| Complete 
|   1|0x0000000080100000, 0x0000000080200000, 0x0000000080200000|100%|HC|  |TAMS 0x0000000080200000, 0x0000000080100000| Complete 
|   2|0x0000000080200000, 0x0000000080300000, 0x0000000080300000|100%|HC|  |TAMS 0x0000000080300000, 0x0000000080200000| Complete 
|   3|0x0000000080300000, 0x0000000080400000, 0x0000000080400000|100%|HC|  |TAMS 0x0000000080400000, 0x0000000080300000| Complete 
|   4|0x0000000080400000, 0x0000000080500000, 0x0000000080500000|100%| O|  |TAMS 0x0000000080500000, 0x0000000080400000| Untracked 
|   5|0x0000000080500000, 0x0000000080600000, 0x0000000080600000|100%| O|  |TAMS 0x0000000080600000, 0x0000000080500000| Untracked 
|   6|0x0000000080600000, 0x0000000080700000, 0x0000000080700000|100%| O|  |TAMS 0x0000000080700000, 0x0000000080600000| Untracked 
|   7|0x0000000080700000, 0x0000000080800000, 0x0000000080800000|100%| O|  |TAMS 0x0000000080800000, 0x0000000080700000| Untracked 
|   8|0x0000000080800000, 0x0000000080900000, 0x0000000080900000|100%| O|  |TAMS 0x0000000080900000, 0x0000000080800000| Untracked 
|   9|0x0000000080900000, 0x0000000080a00000, 0x0000000080a00000|100%| O|  |TAMS 0x0000000080a00000, 0x0000000080900000| Untracked 
|  10|0x0000000080a00000, 0x0000000080b00000, 0x0000000080b00000|100%| O|  |TAMS 0x0000000080b00000, 0x0000000080a00000| Untracked 
|  11|0x0000000080b00000, 0x0000000080b3dc00, 0x0000000080c00000| 24%| O|  |TAMS 0x0000000080b3dc00, 0x0000000080b00000| Complete 
|  12|0x0000000080c00000, 0x0000000080d00000, 0x0000000080d00000|100%| O|  |TAMS 0x0000000080d00000, 0x0000000080c00000| Untracked 
|  13|0x0000000080d00000, 0x0000000080e00000, 0x0000000080e00000|100%| O|  |TAMS 0x0000000080e00000, 0x0000000080d00000| Untracked 
|  14|0x0000000080e00000, 0x0000000080f00000, 0x0000000080f00000|100%| O|  |TAMS 0x0000000080f00000, 0x0000000080e00000| Untracked 
|  15|0x0000000080f00000, 0x0000000081000000, 0x0000000081000000|100%| O|  |TAMS 0x0000000081000000, 0x0000000080f00000| Untracked 
|  16|0x0000000081000000, 0x0000000081100000, 0x0000000081100000|100%| O|  |TAMS 0x0000000081100000, 0x0000000081000000| Untracked 
|  17|0x0000000081100000, 0x0000000081200000, 0x0000000081200000|100%| O|  |TAMS 0x0000000081200000, 0x0000000081100000| Untracked 
|  18|0x0000000081200000, 0x0000000081300000, 0x0000000081300000|100%| O|  |TAMS 0x0000000081300000, 0x0000000081200000| Untracked 
|  19|0x0000000081300000, 0x0000000081400000, 0x0000000081400000|100%|HS|  |TAMS 0x0000000081400000, 0x0000000081300000| Complete 
|  20|0x0000000081400000, 0x0000000081500000, 0x0000000081500000|100%|HC|  |TAMS 0x0000000081500000, 0x0000000081400000| Complete 
|  21|0x0000000081500000, 0x0000000081600000, 0x0000000081600000|100%|HS|  |TAMS 0x0000000081600000, 0x0000000081500000| Complete 
|  22|0x0000000081600000, 0x0000000081700000, 0x0000000081700000|100%|HC|  |TAMS 0x0000000081700000, 0x0000000081600000| Complete 
|  23|0x0000000081700000, 0x0000000081800000, 0x0000000081800000|100%|HC|  |TAMS 0x0000000081800000, 0x0000000081700000| Complete 
|  24|0x0000000081800000, 0x0000000081900000, 0x0000000081900000|100%| O|  |TAMS 0x0000000081900000, 0x0000000081800000| Untracked 
|  25|0x0000000081900000, 0x0000000081a00000, 0x0000000081a00000|100%| O|  |TAMS 0x0000000081a00000, 0x0000000081900000| Untracked 
|  26|0x0000000081a00000, 0x0000000081b00000, 0x0000000081b00000|100%| O|  |TAMS 0x0000000081b00000, 0x0000000081a00000| Untracked 
|  27|0x0000000081b00000, 0x0000000081c00000, 0x0000000081c00000|100%|HS|  |TAMS 0x0000000081c00000, 0x0000000081b00000| Complete 
|  28|0x0000000081c00000, 0x0000000081d00000, 0x0000000081d00000|100%|HC|  |TAMS 0x0000000081d00000, 0x0000000081c00000| Complete 
|  29|0x0000000081d00000, 0x0000000081e00000, 0x0000000081e00000|100%|HC|  |TAMS 0x0000000081e00000, 0x0000000081d00000| Complete 
|  30|0x0000000081e00000, 0x0000000081f00000, 0x0000000081f00000|100%| O|  |TAMS 0x0000000081f00000, 0x0000000081e00000| Untracked 
|  31|0x0000000081f00000, 0x0000000082000000, 0x0000000082000000|100%| O|  |TAMS 0x0000000082000000, 0x0000000081f00000| Untracked 
|  32|0x0000000082000000, 0x0000000082100000, 0x0000000082100000|100%| O|  |TAMS 0x0000000082100000, 0x0000000082000000| Untracked 
|  33|0x0000000082100000, 0x0000000082200000, 0x0000000082200000|100%|HS|  |TAMS 0x0000000082200000, 0x0000000082100000| Complete 
|  34|0x0000000082200000, 0x0000000082300000, 0x0000000082300000|100%|HC|  |TAMS 0x0000000082300000, 0x0000000082200000| Complete 
|  35|0x0000000082300000, 0x0000000082400000, 0x0000000082400000|100%| O|  |TAMS 0x0000000082400000, 0x0000000082300000| Untracked 
|  36|0x0000000082400000, 0x0000000082500000, 0x0000000082500000|100%| O|  |TAMS 0x0000000082500000, 0x0000000082400000| Untracked 
|  37|0x0000000082500000, 0x0000000082600000, 0x0000000082600000|100%| O|  |TAMS 0x0000000082600000, 0x0000000082500000| Untracked 
|  38|0x0000000082600000, 0x0000000082700000, 0x0000000082700000|100%| O|  |TAMS 0x0000000082700000, 0x0000000082600000| Untracked 
|  39|0x0000000082700000, 0x0000000082800000, 0x0000000082800000|100%| O|  |TAMS 0x0000000082800000, 0x0000000082700000| Untracked 
|  40|0x0000000082800000, 0x0000000082900000, 0x0000000082900000|100%| O|  |TAMS 0x0000000082900000, 0x0000000082800000| Untracked 
|  41|0x0000000082900000, 0x0000000082a00000, 0x0000000082a00000|100%|HS|  |TAMS 0x0000000082a00000, 0x0000000082900000| Complete 
|  42|0x0000000082a00000, 0x0000000082b00000, 0x0000000082b00000|100%|HC|  |TAMS 0x0000000082b00000, 0x0000000082a00000| Complete 
|  43|0x0000000082b00000, 0x0000000082c00000, 0x0000000082c00000|100%|HC|  |TAMS 0x0000000082c00000, 0x0000000082b00000| Complete 
|  44|0x0000000082c00000, 0x0000000082d00000, 0x0000000082d00000|100%| O|  |TAMS 0x0000000082d00000, 0x0000000082c00000| Untracked 
|  45|0x0000000082d00000, 0x0000000082e00000, 0x0000000082e00000|100%|HS|  |TAMS 0x0000000082e00000, 0x0000000082d00000| Complete 
|  46|0x0000000082e00000, 0x0000000082f00000, 0x0000000082f00000|100%|HC|  |TAMS 0x0000000082f00000, 0x0000000082e00000| Complete 
|  47|0x0000000082f00000, 0x0000000083000000, 0x0000000083000000|100%|HC|  |TAMS 0x0000000083000000, 0x0000000082f00000| Complete 
|  48|0x0000000083000000, 0x0000000083100000, 0x0000000083100000|100%|HC|  |TAMS 0x0000000083100000, 0x0000000083000000| Complete 
|  49|0x0000000083100000, 0x0000000083200000, 0x0000000083200000|100%|HC|  |TAMS 0x0000000083200000, 0x0000000083100000| Complete 
|  50|0x0000000083200000, 0x0000000083300000, 0x0000000083300000|100%|HC|  |TAMS 0x0000000083300000, 0x0000000083200000| Complete 
|  51|0x0000000083300000, 0x0000000083400000, 0x0000000083400000|100%|HC|  |TAMS 0x0000000083400000, 0x0000000083300000| Complete 
|  52|0x0000000083400000, 0x0000000083500000, 0x0000000083500000|100%|HC|  |TAMS 0x0000000083500000, 0x0000000083400000| Complete 
|  53|0x0000000083500000, 0x0000000083600000, 0x0000000083600000|100%|HC|  |TAMS 0x0000000083600000, 0x0000000083500000| Complete 
|  54|0x0000000083600000, 0x0000000083700000, 0x0000000083700000|100%|HC|  |TAMS 0x0000000083700000, 0x0000000083600000| Complete 
|  55|0x0000000083700000, 0x0000000083800000, 0x0000000083800000|100%|HC|  |TAMS 0x0000000083800000, 0x0000000083700000| Complete 
|  56|0x0000000083800000, 0x0000000083900000, 0x0000000083900000|100%|HC|  |TAMS 0x0000000083900000, 0x0000000083800000| Complete 
|  57|0x0000000083900000, 0x0000000083a00000, 0x0000000083a00000|100%| O|  |TAMS 0x0000000083a00000, 0x0000000083900000| Untracked 
|  58|0x0000000083a00000, 0x0000000083b00000, 0x0000000083b00000|100%|HS|  |TAMS 0x0000000083b00000, 0x0000000083a00000| Complete 
|  59|0x0000000083b00000, 0x0000000083c00000, 0x0000000083c00000|100%|HC|  |TAMS 0x0000000083c00000, 0x0000000083b00000| Complete 
|  60|0x0000000083c00000, 0x0000000083d00000, 0x0000000083d00000|100%|HC|  |TAMS 0x0000000083d00000, 0x0000000083c00000| Complete 
|  61|0x0000000083d00000, 0x0000000083e00000, 0x0000000083e00000|100%| O|  |TAMS 0x0000000083e00000, 0x0000000083d00000| Untracked 
|  62|0x0000000083e00000, 0x0000000083f00000, 0x0000000083f00000|100%| O|  |TAMS 0x0000000083f00000, 0x0000000083e00000| Untracked 
|  63|0x0000000083f00000, 0x0000000084000000, 0x0000000084000000|100%| O|  |TAMS 0x0000000084000000, 0x0000000083f00000| Untracked 
|  64|0x0000000084000000, 0x0000000084100000, 0x0000000084100000|100%| O|  |TAMS 0x0000000084100000, 0x0000000084000000| Untracked 
|  65|0x0000000084100000, 0x0000000084200000, 0x0000000084200000|100%| O|  |TAMS 0x0000000084200000, 0x0000000084100000| Untracked 
|  66|0x0000000084200000, 0x0000000084300000, 0x0000000084300000|100%| O|  |TAMS 0x0000000084300000, 0x0000000084200000| Untracked 
|  67|0x0000000084300000, 0x0000000084400000, 0x0000000084400000|100%| O|  |TAMS 0x0000000084400000, 0x0000000084300000| Untracked 
|  68|0x0000000084400000, 0x0000000084500000, 0x0000000084500000|100%| O|  |TAMS 0x0000000084500000, 0x0000000084400000| Untracked 
|  69|0x0000000084500000, 0x0000000084600000, 0x0000000084600000|100%| O|  |TAMS 0x0000000084600000, 0x0000000084500000| Untracked 
|  70|0x0000000084600000, 0x0000000084700000, 0x0000000084700000|100%| O|  |TAMS 0x0000000084700000, 0x0000000084600000| Untracked 
|  71|0x0000000084700000, 0x0000000084800000, 0x0000000084800000|100%| O|  |TAMS 0x0000000084800000, 0x0000000084700000| Untracked 
|  72|0x0000000084800000, 0x0000000084900000, 0x0000000084900000|100%| O|  |TAMS 0x0000000084866200, 0x0000000084800000| Untracked 
|  73|0x0000000084900000, 0x0000000084a00000, 0x0000000084a00000|100%| O|  |TAMS 0x0000000084900000, 0x0000000084900000| Untracked 
|  74|0x0000000084a00000, 0x0000000084b00000, 0x0000000084b00000|100%| O|  |TAMS 0x0000000084a00000, 0x0000000084a00000| Untracked 
|  75|0x0000000084b00000, 0x0000000084c00000, 0x0000000084c00000|100%| O|  |TAMS 0x0000000084b00000, 0x0000000084b00000| Untracked 
|  76|0x0000000084c00000, 0x0000000084d00000, 0x0000000084d00000|100%|HS|  |TAMS 0x0000000084c00000, 0x0000000084c00000| Complete 
|  77|0x0000000084d00000, 0x0000000084e00000, 0x0000000084e00000|100%|HS|  |TAMS 0x0000000084d00000, 0x0000000084d00000| Complete 
|  78|0x0000000084e00000, 0x0000000084f00000, 0x0000000084f00000|100%|HS|  |TAMS 0x0000000084e00000, 0x0000000084e00000| Complete 
|  79|0x0000000084f00000, 0x0000000085000000, 0x0000000085000000|100%|HC|  |TAMS 0x0000000084f00000, 0x0000000084f00000| Complete 
|  80|0x0000000085000000, 0x0000000085100000, 0x0000000085100000|100%|HS|  |TAMS 0x0000000085000000, 0x0000000085000000| Complete 
|  81|0x0000000085100000, 0x0000000085200000, 0x0000000085200000|100%|HS|  |TAMS 0x0000000085100000, 0x0000000085100000| Complete 
|  82|0x0000000085200000, 0x0000000085300000, 0x0000000085300000|100%|HC|  |TAMS 0x0000000085200000, 0x0000000085200000| Complete 
|  83|0x0000000085300000, 0x0000000085400000, 0x0000000085400000|100%|HC|  |TAMS 0x0000000085300000, 0x0000000085300000| Complete 
|  84|0x0000000085400000, 0x0000000085500000, 0x0000000085500000|100%|HC|  |TAMS 0x0000000085400000, 0x0000000085400000| Complete 
|  85|0x0000000085500000, 0x0000000085500000, 0x0000000085600000|  0%| F|  |TAMS 0x0000000085500000, 0x0000000085500000| Untracked 
|  86|0x0000000085600000, 0x0000000085700000, 0x0000000085700000|100%| O|  |TAMS 0x0000000085600000, 0x0000000085600000| Untracked 
|  87|0x0000000085700000, 0x0000000085800000, 0x0000000085800000|100%| O|  |TAMS 0x0000000085700000, 0x0000000085700000| Untracked 
|  88|0x0000000085800000, 0x0000000085900000, 0x0000000085900000|100%| O|  |TAMS 0x0000000085800000, 0x0000000085800000| Untracked 
|  89|0x0000000085900000, 0x0000000085940200, 0x0000000085a00000| 25%| O|  |TAMS 0x0000000085900000, 0x0000000085900000| Untracked 
|  90|0x0000000085a00000, 0x0000000085a00000, 0x0000000085b00000|  0%| F|  |TAMS 0x0000000085a00000, 0x0000000085a00000| Untracked 
|  91|0x0000000085b00000, 0x0000000085b00000, 0x0000000085c00000|  0%| F|  |TAMS 0x0000000085b00000, 0x0000000085b00000| Untracked 
|  92|0x0000000085c00000, 0x0000000085c00000, 0x0000000085d00000|  0%| F|  |TAMS 0x0000000085c00000, 0x0000000085c00000| Untracked 
|  93|0x0000000085d00000, 0x0000000085d00000, 0x0000000085e00000|  0%| F|  |TAMS 0x0000000085d00000, 0x0000000085d00000| Untracked 
|  94|0x0000000085e00000, 0x0000000085e00000, 0x0000000085f00000|  0%| F|  |TAMS 0x0000000085e00000, 0x0000000085e00000| Untracked 
|  95|0x0000000085f00000, 0x0000000085f00000, 0x0000000086000000|  0%| F|  |TAMS 0x0000000085f00000, 0x0000000085f00000| Untracked 
|  96|0x0000000086000000, 0x0000000086100000, 0x0000000086100000|100%| S|CS|TAMS 0x0000000086000000, 0x0000000086000000| Complete 
|  97|0x0000000086100000, 0x0000000086200000, 0x0000000086200000|100%| S|CS|TAMS 0x0000000086100000, 0x0000000086100000| Complete 
|  98|0x0000000086200000, 0x0000000086300000, 0x0000000086300000|100%| S|CS|TAMS 0x0000000086200000, 0x0000000086200000| Complete 
|  99|0x0000000086300000, 0x0000000086400000, 0x0000000086400000|100%| S|CS|TAMS 0x0000000086300000, 0x0000000086300000| Complete 
| 100|0x0000000086400000, 0x0000000086500000, 0x0000000086500000|100%| S|CS|TAMS 0x0000000086400000, 0x0000000086400000| Complete 
| 101|0x0000000086500000, 0x0000000086500000, 0x0000000086600000|  0%| F|  |TAMS 0x0000000086500000, 0x0000000086500000| Untracked 
| 102|0x0000000086600000, 0x0000000086600000, 0x0000000086700000|  0%| F|  |TAMS 0x0000000086600000, 0x0000000086600000| Untracked 
| 103|0x0000000086700000, 0x0000000086700000, 0x0000000086800000|  0%| F|  |TAMS 0x0000000086700000, 0x0000000086700000| Untracked 
| 104|0x0000000086800000, 0x0000000086800000, 0x0000000086900000|  0%| F|  |TAMS 0x0000000086800000, 0x0000000086800000| Untracked 
| 105|0x0000000086900000, 0x0000000086900000, 0x0000000086a00000|  0%| F|  |TAMS 0x0000000086900000, 0x0000000086900000| Untracked 
| 106|0x0000000086a00000, 0x0000000086a00000, 0x0000000086b00000|  0%| F|  |TAMS 0x0000000086a00000, 0x0000000086a00000| Untracked 
| 107|0x0000000086b00000, 0x0000000086b00000, 0x0000000086c00000|  0%| F|  |TAMS 0x0000000086b00000, 0x0000000086b00000| Untracked 
| 108|0x0000000086c00000, 0x0000000086c00000, 0x0000000086d00000|  0%| F|  |TAMS 0x0000000086c00000, 0x0000000086c00000| Untracked 
| 109|0x0000000086d00000, 0x0000000086d00000, 0x0000000086e00000|  0%| F|  |TAMS 0x0000000086d00000, 0x0000000086d00000| Untracked 
| 110|0x0000000086e00000, 0x0000000086e00000, 0x0000000086f00000|  0%| F|  |TAMS 0x0000000086e00000, 0x0000000086e00000| Untracked 
| 111|0x0000000086f00000, 0x0000000086f00000, 0x0000000087000000|  0%| F|  |TAMS 0x0000000086f00000, 0x0000000086f00000| Untracked 
| 112|0x0000000087000000, 0x0000000087000000, 0x0000000087100000|  0%| F|  |TAMS 0x0000000087000000, 0x0000000087000000| Untracked 
| 113|0x0000000087100000, 0x0000000087100000, 0x0000000087200000|  0%| F|  |TAMS 0x0000000087100000, 0x0000000087100000| Untracked 
| 114|0x0000000087200000, 0x0000000087200000, 0x0000000087300000|  0%| F|  |TAMS 0x0000000087200000, 0x0000000087200000| Untracked 
| 115|0x0000000087300000, 0x0000000087300000, 0x0000000087400000|  0%| F|  |TAMS 0x0000000087300000, 0x0000000087300000| Untracked 
| 116|0x0000000087400000, 0x0000000087400000, 0x0000000087500000|  0%| F|  |TAMS 0x0000000087400000, 0x0000000087400000| Untracked 
| 117|0x0000000087500000, 0x0000000087500000, 0x0000000087600000|  0%| F|  |TAMS 0x0000000087500000, 0x0000000087500000| Untracked 
| 118|0x0000000087600000, 0x0000000087600000, 0x0000000087700000|  0%| F|  |TAMS 0x0000000087600000, 0x0000000087600000| Untracked 
| 119|0x0000000087700000, 0x0000000087700000, 0x0000000087800000|  0%| F|  |TAMS 0x0000000087700000, 0x0000000087700000| Untracked 
| 120|0x0000000087800000, 0x0000000087800000, 0x0000000087900000|  0%| F|  |TAMS 0x0000000087800000, 0x0000000087800000| Untracked 
| 121|0x0000000087900000, 0x0000000087900000, 0x0000000087a00000|  0%| F|  |TAMS 0x0000000087900000, 0x0000000087900000| Untracked 
| 122|0x0000000087a00000, 0x0000000087a00000, 0x0000000087b00000|  0%| F|  |TAMS 0x0000000087a00000, 0x0000000087a00000| Untracked 
| 123|0x0000000087b00000, 0x0000000087b00000, 0x0000000087c00000|  0%| F|  |TAMS 0x0000000087b00000, 0x0000000087b00000| Untracked 
| 124|0x0000000087c00000, 0x0000000087c00000, 0x0000000087d00000|  0%| F|  |TAMS 0x0000000087c00000, 0x0000000087c00000| Untracked 
| 125|0x0000000087d00000, 0x0000000087d00000, 0x0000000087e00000|  0%| F|  |TAMS 0x0000000087d00000, 0x0000000087d00000| Untracked 
| 126|0x0000000087e00000, 0x0000000087e00000, 0x0000000087f00000|  0%| F|  |TAMS 0x0000000087e00000, 0x0000000087e00000| Untracked 
| 127|0x0000000087f00000, 0x0000000087f00000, 0x0000000088000000|  0%| F|  |TAMS 0x0000000087f00000, 0x0000000087f00000| Untracked 
| 128|0x0000000088000000, 0x0000000088000000, 0x0000000088100000|  0%| F|  |TAMS 0x0000000088000000, 0x0000000088000000| Untracked 
| 129|0x0000000088100000, 0x0000000088100000, 0x0000000088200000|  0%| F|  |TAMS 0x0000000088100000, 0x0000000088100000| Untracked 
| 130|0x0000000088200000, 0x0000000088200000, 0x0000000088300000|  0%| F|  |TAMS 0x0000000088200000, 0x0000000088200000| Untracked 
| 131|0x0000000088300000, 0x0000000088300000, 0x0000000088400000|  0%| F|  |TAMS 0x0000000088300000, 0x0000000088300000| Untracked 
| 132|0x0000000088400000, 0x0000000088400000, 0x0000000088500000|  0%| F|  |TAMS 0x0000000088400000, 0x0000000088400000| Untracked 
| 133|0x0000000088500000, 0x0000000088500000, 0x0000000088600000|  0%| F|  |TAMS 0x0000000088500000, 0x0000000088500000| Untracked 
| 134|0x0000000088600000, 0x0000000088600000, 0x0000000088700000|  0%| F|  |TAMS 0x0000000088600000, 0x0000000088600000| Untracked 

Card table byte_map: [0x00000195fcf80000,0x00000195fd380000] _byte_map_base: 0x00000195fcb80000

Marking Bits (Prev, Next): (CMBitMap*) 0x00000195ea1b47e0, (CMBitMap*) 0x00000195ea1b47a0
 Prev Bits: [0x0000019580000000, 0x0000019582000000)
 Next Bits: [0x00000195fd780000, 0x00000195ff780000)

Polling page: 0x00000195e80f0000

Metaspace:

Usage:
  Non-class:     56.11 MB used.
      Class:      8.66 MB used.
       Both:     64.77 MB used.

Virtual space:
  Non-class space:       64.00 MB reserved,      56.50 MB ( 88%) committed,  8 nodes.
      Class space:        1.00 GB reserved,       8.94 MB ( <1%) committed,  1 nodes.
             Both:        1.06 GB reserved,      65.44 MB (  6%) committed. 

Chunk freelists:
   Non-Class:  3.36 MB
       Class:  3.07 MB
        Both:  6.43 MB

MaxMetaspaceSize: unlimited
CompressedClassSpaceSize: 1.00 GB
Initial GC threshold: 21.00 MB
Current GC threshold: 103.88 MB
CDS: off
MetaspaceReclaimPolicy: balanced
 - commit_granule_bytes: 65536.
 - commit_granule_words: 8192.
 - virtual_space_node_default_size: 1048576.
 - enlarge_chunks_in_place: 1.
 - new_chunks_are_fully_committed: 0.
 - uncommit_free_chunks: 1.
 - use_allocation_guard: 0.
 - handle_deallocations: 1.


Internal statistics:

num_allocs_failed_limit: 3.
num_arena_births: 720.
num_arena_deaths: 0.
num_vsnodes_births: 9.
num_vsnodes_deaths: 0.
num_space_committed: 1047.
num_space_uncommitted: 0.
num_chunks_returned_to_freelist: 3.
num_chunks_taken_from_freelist: 2856.
num_chunk_merges: 3.
num_chunk_splits: 1869.
num_chunks_enlarged: 1253.
num_purges: 0.
num_inconsistent_stats: 0.

CodeHeap 'non-profiled nmethods': size=120000Kb used=3227Kb max_used=3452Kb free=116772Kb
 bounds [0x00000195f50f0000, 0x00000195f5450000, 0x00000195fc620000]
CodeHeap 'profiled nmethods': size=120000Kb used=11460Kb max_used=11478Kb free=108539Kb
 bounds [0x00000195ed620000, 0x00000195ee160000, 0x00000195f4b50000]
CodeHeap 'non-nmethods': size=5760Kb used=2376Kb max_used=2425Kb free=3384Kb
 bounds [0x00000195f4b50000, 0x00000195f4dc0000, 0x00000195f50f0000]
 total_blobs=6925 nmethods=6024 adapters=812
 compilation: enabled
              stopped_count=0, restarted_count=0
 full_count=0

Compilation events (20 events):
Event: 7.662 Thread 0x0000019585038720 nmethod 6788 0x00000195edc2c510 code [0x00000195edc2c6c0, 0x00000195edc2c988]
Event: 7.662 Thread 0x0000019585038720 6789       3       java.lang.invoke.BoundMethodHandle$Species_LL::<init> (18 bytes)
Event: 7.662 Thread 0x0000019585038720 nmethod 6789 0x00000195ed708f90 code [0x00000195ed709140, 0x00000195ed7093c8]
Event: 7.662 Thread 0x0000019585035020 6790       4       org.gradle.internal.instantiation.generator.AbstractClassGenerator$InjectionAnnotationValidator::validateMethod (166 bytes)
Event: 7.662 Thread 0x0000019585038720 6793       3       java.util.TreeMap$Values::iterator (19 bytes)
Event: 7.663 Thread 0x0000019585038720 nmethod 6793 0x00000195ed708690 code [0x00000195ed708860, 0x00000195ed708d78]
Event: 7.663 Thread 0x0000019585038720 6794       3       java.util.TreeMap$ValueIterator::<init> (12 bytes)
Event: 7.663 Thread 0x0000019585038720 nmethod 6794 0x00000195ed708090 code [0x00000195ed708240, 0x00000195ed708558]
Event: 7.663 Thread 0x0000019585038720 6796       3       org.gradle.model.internal.asm.MethodVisitorScope::_RETURN (8 bytes)
Event: 7.664 Thread 0x0000019585038720 nmethod 6796 0x00000195ed707b90 code [0x00000195ed707d40, 0x00000195ed707fa8]
Event: 7.666 Thread 0x0000019585035020 nmethod 6790 0x00000195f5207890 code [0x00000195f5207a40, 0x00000195f5207d88]
Event: 7.666 Thread 0x0000019585035020 6792       4       org.gradle.internal.reflect.PropertyAccessorType::of (101 bytes)
Event: 7.668 Thread 0x0000019585038720 6798       3       org.gradle.internal.instantiation.generator.AbstractClassGenerator$ClassGenerationHandler::startType (1 bytes)
Event: 7.668 Thread 0x0000019585038720 nmethod 6798 0x00000195ed707810 code [0x00000195ed7079a0, 0x00000195ed707ab8]
Event: 7.673 Thread 0x0000019585035020 nmethod 6792 0x00000195f5206e10 code [0x00000195f5206fc0, 0x00000195f5207438]
Event: 7.673 Thread 0x0000019585035020 6795       4       org.objectweb.asm.Frame::push (109 bytes)
Event: 7.674 Thread 0x0000019585038720 6799       3       java.lang.invoke.MethodHandle::bindArgumentL (10 bytes)
Event: 7.674 Thread 0x0000019585038720 nmethod 6799 0x00000195ed706d10 code [0x00000195ed706f00, 0x00000195ed707568]
Event: 7.677 Thread 0x0000019585035020 nmethod 6795 0x00000195f5206410 code [0x00000195f52065a0, 0x00000195f5206c38]
Event: 7.677 Thread 0x0000019585035020 6800       4       java.lang.AbstractStringBuilder::append (45 bytes)

GC Heap History (20 events):
Event: 3.481 GC heap after
{Heap after GC invocations=13 (full 0):
 garbage-first heap   total 101376K, used 56366K [0x0000000080000000, 0x0000000100000000)
  region size 1024K, 4 young (4096K), 4 survivors (4096K)
 Metaspace       used 42130K, committed 42560K, reserved 1089536K
  class space    used 5627K, committed 5824K, reserved 1048576K
}
Event: 3.774 GC heap before
{Heap before GC invocations=14 (full 0):
 garbage-first heap   total 106496K, used 80942K [0x0000000080000000, 0x0000000100000000)
  region size 1024K, 26 young (26624K), 4 survivors (4096K)
 Metaspace       used 45770K, committed 46144K, reserved 1089536K
  class space    used 6063K, committed 6208K, reserved 1048576K
}
Event: 3.776 GC heap after
{Heap after GC invocations=15 (full 0):
 garbage-first heap   total 128000K, used 57028K [0x0000000080000000, 0x0000000100000000)
  region size 1024K, 2 young (2048K), 2 survivors (2048K)
 Metaspace       used 45770K, committed 46144K, reserved 1089536K
  class space    used 6063K, committed 6208K, reserved 1048576K
}
Event: 3.939 GC heap before
{Heap before GC invocations=15 (full 0):
 garbage-first heap   total 128000K, used 66244K [0x0000000080000000, 0x0000000100000000)
  region size 1024K, 12 young (12288K), 2 survivors (2048K)
 Metaspace       used 46586K, committed 46976K, reserved 1097728K
  class space    used 6195K, committed 6400K, reserved 1048576K
}
Event: 3.942 GC heap after
{Heap after GC invocations=16 (full 0):
 garbage-first heap   total 128000K, used 58590K [0x0000000080000000, 0x0000000100000000)
  region size 1024K, 4 young (4096K), 4 survivors (4096K)
 Metaspace       used 46586K, committed 46976K, reserved 1097728K
  class space    used 6195K, committed 6400K, reserved 1048576K
}
Event: 3.959 GC heap before
{Heap before GC invocations=16 (full 0):
 garbage-first heap   total 128000K, used 61662K [0x0000000080000000, 0x0000000100000000)
  region size 1024K, 5 young (5120K), 4 survivors (4096K)
 Metaspace       used 46586K, committed 46976K, reserved 1097728K
  class space    used 6195K, committed 6400K, reserved 1048576K
}
Event: 3.963 GC heap after
{Heap after GC invocations=17 (full 0):
 garbage-first heap   total 128000K, used 61911K [0x0000000080000000, 0x0000000100000000)
  region size 1024K, 4 young (4096K), 4 survivors (4096K)
 Metaspace       used 46586K, committed 46976K, reserved 1097728K
  class space    used 6195K, committed 6400K, reserved 1048576K
}
Event: 4.126 GC heap before
{Heap before GC invocations=18 (full 0):
 garbage-first heap   total 128000K, used 74199K [0x0000000080000000, 0x0000000100000000)
  region size 1024K, 15 young (15360K), 4 survivors (4096K)
 Metaspace       used 47315K, committed 47744K, reserved 1097728K
  class space    used 6277K, committed 6464K, reserved 1048576K
}
Event: 4.132 GC heap after
{Heap after GC invocations=19 (full 0):
 garbage-first heap   total 128000K, used 67016K [0x0000000080000000, 0x0000000100000000)
  region size 1024K, 4 young (4096K), 4 survivors (4096K)
 Metaspace       used 47315K, committed 47744K, reserved 1097728K
  class space    used 6277K, committed 6464K, reserved 1048576K
}
Event: 4.415 GC heap before
{Heap before GC invocations=20 (full 0):
 garbage-first heap   total 128000K, used 96712K [0x0000000080000000, 0x0000000100000000)
  region size 1024K, 32 young (32768K), 4 survivors (4096K)
 Metaspace       used 49898K, committed 50432K, reserved 1097728K
  class space    used 6559K, committed 6784K, reserved 1048576K
}
Event: 4.420 GC heap after
{Heap after GC invocations=21 (full 0):
 garbage-first heap   total 128000K, used 68671K [0x0000000080000000, 0x0000000100000000)
  region size 1024K, 4 young (4096K), 4 survivors (4096K)
 Metaspace       used 49898K, committed 50432K, reserved 1097728K
  class space    used 6559K, committed 6784K, reserved 1048576K
}
Event: 4.804 GC heap before
{Heap before GC invocations=21 (full 0):
 garbage-first heap   total 128000K, used 97343K [0x0000000080000000, 0x0000000100000000)
  region size 1024K, 32 young (32768K), 4 survivors (4096K)
 Metaspace       used 53200K, committed 53824K, reserved 1097728K
  class space    used 7154K, committed 7424K, reserved 1048576K
}
Event: 4.810 GC heap after
{Heap after GC invocations=22 (full 0):
 garbage-first heap   total 128000K, used 70693K [0x0000000080000000, 0x0000000100000000)
  region size 1024K, 4 young (4096K), 4 survivors (4096K)
 Metaspace       used 53200K, committed 53824K, reserved 1097728K
  class space    used 7154K, committed 7424K, reserved 1048576K
}
Event: 5.390 GC heap before
{Heap before GC invocations=23 (full 0):
 garbage-first heap   total 128000K, used 100389K [0x0000000080000000, 0x0000000100000000)
  region size 1024K, 33 young (33792K), 4 survivors (4096K)
 Metaspace       used 56134K, committed 56832K, reserved 1097728K
  class space    used 7570K, committed 7872K, reserved 1048576K
}
Event: 5.395 GC heap after
{Heap after GC invocations=24 (full 0):
 garbage-first heap   total 128000K, used 73534K [0x0000000080000000, 0x0000000100000000)
  region size 1024K, 5 young (5120K), 5 survivors (5120K)
 Metaspace       used 56134K, committed 56832K, reserved 1097728K
  class space    used 7570K, committed 7872K, reserved 1048576K
}
Event: 6.894 GC heap before
{Heap before GC invocations=24 (full 0):
 garbage-first heap   total 128000K, used 100158K [0x0000000080000000, 0x0000000100000000)
  region size 1024K, 32 young (32768K), 5 survivors (5120K)
 Metaspace       used 62804K, committed 63488K, reserved 1105920K
  class space    used 8408K, committed 8704K, reserved 1048576K
}
Event: 6.901 GC heap after
{Heap after GC invocations=25 (full 0):
 garbage-first heap   total 128000K, used 76599K [0x0000000080000000, 0x0000000100000000)
  region size 1024K, 4 young (4096K), 4 survivors (4096K)
 Metaspace       used 62804K, committed 63488K, reserved 1105920K
  class space    used 8408K, committed 8704K, reserved 1048576K
}
Event: 7.159 GC heap before
{Heap before GC invocations=26 (full 0):
 garbage-first heap   total 138240K, used 94007K [0x0000000080000000, 0x0000000100000000)
  region size 1024K, 23 young (23552K), 4 survivors (4096K)
 Metaspace       used 63144K, committed 63808K, reserved 1105920K
  class space    used 8432K, committed 8704K, reserved 1048576K
}
Event: 7.162 GC heap after
{Heap after GC invocations=27 (full 0):
 garbage-first heap   total 138240K, used 77944K [0x0000000080000000, 0x0000000100000000)
  region size 1024K, 2 young (2048K), 2 survivors (2048K)
 Metaspace       used 63144K, committed 63808K, reserved 1105920K
  class space    used 8432K, committed 8704K, reserved 1048576K
}
Event: 7.678 GC heap before
{Heap before GC invocations=28 (full 0):
 garbage-first heap   total 138240K, used 119928K [0x0000000080000000, 0x0000000100000000)
  region size 1024K, 34 young (34816K), 2 survivors (2048K)
 Metaspace       used 66322K, committed 67008K, reserved 1114112K
  class space    used 8869K, committed 9152K, reserved 1048576K
}

Dll operation events (2 events):
Event: 0.009 Loaded shared library C:\Program Files\Android\Android Studio\jbr\bin\java.dll
Event: 0.351 Loaded shared library C:\Program Files\Android\Android Studio\jbr\bin\verify.dll

Deoptimization events (20 events):
Event: 7.637 Thread 0x00000195879a13f0 Uncommon trap: trap_request=0xffffffc6 fr.pc=0x00000195f5158668 relative=0x0000000000000968
Event: 7.637 Thread 0x00000195879a13f0 Uncommon trap: reason=bimorphic_or_optimized_type_check action=maybe_recompile pc=0x00000195f5158668 method=java.io.BufferedInputStream.read1([BII)I @ 39 c2
Event: 7.637 Thread 0x00000195879a13f0 DEOPT PACKING pc=0x00000195f5158668 sp=0x00000066663f6370
Event: 7.637 Thread 0x00000195879a13f0 DEOPT UNPACKING pc=0x00000195f4ba69a3 sp=0x00000066663f6288 mode 2
Event: 7.637 Thread 0x00000195879a13f0 Uncommon trap: trap_request=0xffffffc6 fr.pc=0x00000195f5158668 relative=0x0000000000000968
Event: 7.637 Thread 0x00000195879a13f0 Uncommon trap: reason=bimorphic_or_optimized_type_check action=maybe_recompile pc=0x00000195f5158668 method=java.io.BufferedInputStream.read1([BII)I @ 39 c2
Event: 7.637 Thread 0x00000195879a13f0 DEOPT PACKING pc=0x00000195f5158668 sp=0x00000066663f63b0
Event: 7.637 Thread 0x00000195879a13f0 DEOPT UNPACKING pc=0x00000195f4ba69a3 sp=0x00000066663f62c8 mode 2
Event: 7.652 Thread 0x00000195879a13f0 Uncommon trap: trap_request=0xffffffc6 fr.pc=0x00000195f5158668 relative=0x0000000000000968
Event: 7.652 Thread 0x00000195879a13f0 Uncommon trap: reason=bimorphic_or_optimized_type_check action=maybe_recompile pc=0x00000195f5158668 method=java.io.BufferedInputStream.read1([BII)I @ 39 c2
Event: 7.652 Thread 0x00000195879a13f0 DEOPT PACKING pc=0x00000195f5158668 sp=0x00000066663f6e40
Event: 7.652 Thread 0x00000195879a13f0 DEOPT UNPACKING pc=0x00000195f4ba69a3 sp=0x00000066663f6d58 mode 2
Event: 7.652 Thread 0x00000195879a13f0 Uncommon trap: trap_request=0xffffffc6 fr.pc=0x00000195f527ad08 relative=0x0000000000000d88
Event: 7.652 Thread 0x00000195879a13f0 Uncommon trap: reason=bimorphic_or_optimized_type_check action=maybe_recompile pc=0x00000195f527ad08 method=java.util.Properties$LineReader.readLine()I @ 479 c2
Event: 7.652 Thread 0x00000195879a13f0 DEOPT PACKING pc=0x00000195f527ad08 sp=0x00000066663f6f10
Event: 7.652 Thread 0x00000195879a13f0 DEOPT UNPACKING pc=0x00000195f4ba69a3 sp=0x00000066663f6ea8 mode 2
Event: 7.652 Thread 0x00000195879a13f0 Uncommon trap: trap_request=0xffffffde fr.pc=0x00000195f525449c relative=0x00000000000001dc
Event: 7.652 Thread 0x00000195879a13f0 Uncommon trap: reason=class_check action=maybe_recompile pc=0x00000195f525449c method=java.io.BufferedInputStream.read1([BII)I @ 39 c2
Event: 7.652 Thread 0x00000195879a13f0 DEOPT PACKING pc=0x00000195f525449c sp=0x00000066663f6d50
Event: 7.652 Thread 0x00000195879a13f0 DEOPT UNPACKING pc=0x00000195f4ba69a3 sp=0x00000066663f6d08 mode 2

Classes unloaded (0 events):
No events

Classes redefined (0 events):
No events

Internal exceptions (20 events):
Event: 4.592 Thread 0x00000195879a13f0 Exception <a 'java/lang/ClassNotFoundException'{0x00000000871e8218}: org/jetbrains/plugins/gradle/model/web/WebConfigurationBeanInfo> (0x00000000871e8218) 
thrown [s\src\hotspot\share\classfile\systemDictionary.cpp, line 256]
Event: 4.593 Thread 0x00000195879a13f0 Exception <a 'java/lang/ClassNotFoundException'{0x00000000871f05a0}: org/jetbrains/plugins/gradle/model/web/WebConfigurationCustomizer> (0x00000000871f05a0) 
thrown [s\src\hotspot\share\classfile\systemDictionary.cpp, line 256]
Event: 4.595 Thread 0x00000195879a13f0 Exception <a 'java/lang/ClassNotFoundException'{0x000000008700f7e0}: org/jetbrains/plugins/gradle/model/scala/ScalaModelBeanInfo> (0x000000008700f7e0) 
thrown [s\src\hotspot\share\classfile\systemDictionary.cpp, line 256]
Event: 4.595 Thread 0x00000195879a13f0 Exception <a 'java/lang/ClassNotFoundException'{0x0000000087017ae8}: org/jetbrains/plugins/gradle/model/scala/ScalaModelCustomizer> (0x0000000087017ae8) 
thrown [s\src\hotspot\share\classfile\systemDictionary.cpp, line 256]
Event: 4.599 Thread 0x00000195879a13f0 Exception <a 'java/lang/ClassNotFoundException'{0x0000000087048c20}: org/jetbrains/plugins/gradle/model/DependencyAccessorsModelBeanInfo> (0x0000000087048c20) 
thrown [s\src\hotspot\share\classfile\systemDictionary.cpp, line 256]
Event: 4.599 Thread 0x00000195879a13f0 Exception <a 'java/lang/ClassNotFoundException'{0x0000000087050fd0}: org/jetbrains/plugins/gradle/model/DependencyAccessorsModelCustomizer> (0x0000000087050fd0) 
thrown [s\src\hotspot\share\classfile\systemDictionary.cpp, line 256]
Event: 4.698 Thread 0x00000195879a13f0 Exception <a 'java/lang/ClassNotFoundException'{0x000000008698c7e8}: org/gradle/api/internal/project/DefaultProject_DecoratedBeanInfo> (0x000000008698c7e8) 
thrown [s\src\hotspot\share\classfile\systemDictionary.cpp, line 256]
Event: 4.698 Thread 0x00000195879a13f0 Exception <a 'java/lang/ClassNotFoundException'{0x00000000869992e0}: org/gradle/api/internal/project/DefaultProjectBeanInfo> (0x00000000869992e0) 
thrown [s\src\hotspot\share\classfile\systemDictionary.cpp, line 256]
Event: 4.698 Thread 0x00000195879a13f0 Exception <a 'java/lang/ClassNotFoundException'{0x00000000869a5de0}: org/gradle/api/internal/project/DefaultProjectCustomizer> (0x00000000869a5de0) 
thrown [s\src\hotspot\share\classfile\systemDictionary.cpp, line 256]
Event: 4.702 Thread 0x00000195879a13f0 Exception <a 'java/lang/ClassNotFoundException'{0x000000008684f3e0}: org/gradle/api/internal/project/DefaultProject_DecoratedCustomizer> (0x000000008684f3e0) 
thrown [s\src\hotspot\share\classfile\systemDictionary.cpp, line 256]
Event: 5.071 Thread 0x00000195879a13f0 Exception <a 'java/lang/NoSuchMethodError'{0x0000000086d16fa0}: 'java.lang.Object java.lang.invoke.DirectMethodHandle$Holder.newInvokeSpecial(java.lang.Object, java.lang.Object, java.lang.Object, java.lang.Object, java.lang.Object, int)'> (0x0000000086d16fa0) 
thrown [s\src\hotspot\share\interpreter\linkResolver.cpp, line 771]
Event: 5.071 Thread 0x00000195879a13f0 Exception <a 'java/lang/NoSuchMethodError'{0x0000000086d1c5f8}: 'java.lang.Object java.lang.invoke.DirectMethodHandle$Holder.invokeSpecial(java.lang.Object, java.lang.Object, java.lang.Object, java.lang.Object, java.lang.Object, java.lang.Object, int)'> (0x0000000086d1c5f8) 
thrown [s\src\hotspot\share\interpreter\linkResolver.cpp, line 771]
Event: 5.079 Thread 0x00000195879a13f0 Exception <a 'java/lang/NoSuchMethodError'{0x0000000086dbbf20}: 'void java.lang.invoke.DirectMethodHandle$Holder.invokeStatic(java.lang.Object, java.lang.Object, java.lang.Object, int, java.lang.Object)'> (0x0000000086dbbf20) 
thrown [s\src\hotspot\share\interpreter\linkResolver.cpp, line 771]
Event: 5.379 Thread 0x00000195879a13f0 Implicit null exception at 0x00000195f542a7ef to 0x00000195f542aa4c
Event: 5.384 Thread 0x00000195879a13f0 Implicit null exception at 0x00000195f5145472 to 0x00000195f5145aac
Event: 5.429 Thread 0x00000195879a13f0 Exception <a 'sun/nio/fs/WindowsException'{0x0000000087b26068}> (0x0000000087b26068) 
thrown [s\src\hotspot\share\prims\jni.cpp, line 517]
Event: 7.158 Thread 0x00000195879a13f0 Implicit null exception at 0x00000195f540d912 to 0x00000195f540dfb4
Event: 7.517 Thread 0x00000195879a13f0 Exception <a 'java/lang/NoSuchMethodError'{0x00000000871d46c8}: 'java.lang.Object java.lang.invoke.DirectMethodHandle$Holder.newInvokeSpecial(java.lang.Object, java.lang.Object, java.lang.Object, java.lang.Object, int)'> (0x00000000871d46c8) 
thrown [s\src\hotspot\share\interpreter\linkResolver.cpp, line 771]
Event: 7.518 Thread 0x00000195879a13f0 Exception <a 'java/lang/NoSuchMethodError'{0x00000000871d9d70}: 'java.lang.Object java.lang.invoke.DirectMethodHandle$Holder.invokeSpecial(java.lang.Object, java.lang.Object, java.lang.Object, java.lang.Object, java.lang.Object, int)'> (0x00000000871d9d70) 
thrown [s\src\hotspot\share\interpreter\linkResolver.cpp, line 771]
Event: 7.518 Thread 0x00000195879a13f0 Exception <a 'java/lang/NoSuchMethodError'{0x00000000871deaf0}: 'java.lang.Object java.lang.invoke.Invokers$Holder.linkToTargetMethod(java.lang.Object, java.lang.Object, java.lang.Object, int, java.lang.Object)'> (0x00000000871deaf0) 
thrown [s\src\hotspot\share\interpreter\linkResolver.cpp, line 771]

VM Operations (20 events):
Event: 5.483 Executing VM operation: HandshakeAllThreads done
Event: 5.616 Executing VM operation: HandshakeAllThreads
Event: 5.616 Executing VM operation: HandshakeAllThreads done
Event: 6.616 Executing VM operation: Cleanup
Event: 6.616 Executing VM operation: Cleanup done
Event: 6.894 Executing VM operation: G1CollectForAllocation
Event: 6.901 Executing VM operation: G1CollectForAllocation done
Event: 6.918 Executing VM operation: G1Concurrent
Event: 6.921 Executing VM operation: G1Concurrent done
Event: 6.929 Executing VM operation: G1Concurrent
Event: 6.929 Executing VM operation: G1Concurrent done
Event: 7.108 Executing VM operation: ICBufferFull
Event: 7.108 Executing VM operation: ICBufferFull done
Event: 7.159 Executing VM operation: G1TryInitiateConcMark
Event: 7.162 Executing VM operation: G1TryInitiateConcMark done
Event: 7.178 Executing VM operation: G1Concurrent
Event: 7.180 Executing VM operation: G1Concurrent done
Event: 7.189 Executing VM operation: G1Concurrent
Event: 7.189 Executing VM operation: G1Concurrent done
Event: 7.678 Executing VM operation: G1CollectForAllocation

Events (20 events):
Event: 6.904 Thread 0x0000019587db46a0 Thread added: 0x0000019587db46a0
Event: 6.905 Thread 0x0000019587db2e90 Thread added: 0x0000019587db2e90
Event: 6.905 Thread 0x0000019587db3830 Thread added: 0x0000019587db3830
Event: 6.905 Thread 0x0000019587db59e0 Thread added: 0x0000019587db59e0
Event: 6.905 Thread 0x0000019587db4b70 Thread added: 0x0000019587db4b70
Event: 6.905 Thread 0x0000019587db24f0 Thread added: 0x0000019587db24f0
Event: 6.905 Thread 0x0000019587db29c0 Thread added: 0x0000019587db29c0
Event: 6.905 Thread 0x0000019587db6380 Thread added: 0x0000019587db6380
Event: 6.934 Thread 0x00000195852db590 Thread added: 0x00000195852db590
Event: 7.339 Thread 0x00000195852db590 Thread exited: 0x00000195852db590
Event: 7.536 loading class sun/reflect/ReflectionFactory
Event: 7.536 loading class sun/reflect/ReflectionFactory done
Event: 7.536 loading class sun/reflect/ReflectionFactory$1
Event: 7.536 loading class sun/reflect/ReflectionFactory$1 done
Event: 7.613 loading class java/util/concurrent/atomic/AtomicIntegerArray
Event: 7.614 loading class java/util/concurrent/atomic/AtomicIntegerArray done
Event: 7.615 loading class java/util/Currency
Event: 7.616 loading class java/util/Currency done
Event: 7.626 loading class java/util/concurrent/atomic/AtomicLongArray
Event: 7.627 loading class java/util/concurrent/atomic/AtomicLongArray done


Dynamic libraries:
0x00007ff789cb0000 - 0x00007ff789cba000 	C:\Program Files\Android\Android Studio\jbr\bin\java.exe
0x00007ffab0d10000 - 0x00007ffab0f24000 	C:\WINDOWS\SYSTEM32\ntdll.dll
0x00007ffaaec80000 - 0x00007ffaaed44000 	C:\WINDOWS\System32\KERNEL32.DLL
0x00007ffaae0c0000 - 0x00007ffaae464000 	C:\WINDOWS\System32\KERNELBASE.dll
0x00007ffaae980000 - 0x00007ffaaea91000 	C:\WINDOWS\System32\ucrtbase.dll
0x00007ffa95fb0000 - 0x00007ffa95fc7000 	C:\Program Files\Android\Android Studio\jbr\bin\jli.dll
0x00007ffa96ba0000 - 0x00007ffa96bbb000 	C:\Program Files\Android\Android Studio\jbr\bin\VCRUNTIME140.dll
0x00007ffab06b0000 - 0x00007ffab085e000 	C:\WINDOWS\System32\USER32.dll
0x00007ffaae7e0000 - 0x00007ffaae806000 	C:\WINDOWS\System32\win32u.dll
0x00007ffa94ab0000 - 0x00007ffa94d43000 	C:\WINDOWS\WinSxS\amd64_microsoft.windows.common-controls_6595b64144ccf1df_6.0.22621.2215_none_270d72677387dfc3\COMCTL32.dll
0x00007ffaaeb90000 - 0x00007ffaaebb9000 	C:\WINDOWS\System32\GDI32.dll
0x00007ffab0920000 - 0x00007ffab09c7000 	C:\WINDOWS\System32\msvcrt.dll
0x00007ffaae5a0000 - 0x00007ffaae6b8000 	C:\WINDOWS\System32\gdi32full.dll
0x00007ffaae6c0000 - 0x00007ffaae75a000 	C:\WINDOWS\System32\msvcp_win.dll
0x00007ffaaec40000 - 0x00007ffaaec71000 	C:\WINDOWS\System32\IMM32.DLL
0x00007ffa98060000 - 0x00007ffa9806c000 	C:\Program Files\Android\Android Studio\jbr\bin\vcruntime140_1.dll
0x00007ffa66aa0000 - 0x00007ffa66b2d000 	C:\Program Files\Android\Android Studio\jbr\bin\msvcp140.dll
0x00007ffa44eb0000 - 0x00007ffa45b1e000 	C:\Program Files\Android\Android Studio\jbr\bin\server\jvm.dll
0x00007ffab0500000 - 0x00007ffab05b0000 	C:\WINDOWS\System32\ADVAPI32.dll
0x00007ffab0860000 - 0x00007ffab0906000 	C:\WINDOWS\System32\sechost.dll
0x00007ffaafb90000 - 0x00007ffaafca7000 	C:\WINDOWS\System32\RPCRT4.dll
0x00007ffa95f00000 - 0x00007ffa95f09000 	C:\WINDOWS\SYSTEM32\WSOCK32.dll
0x00007ffaa2fd0000 - 0x00007ffaa3004000 	C:\WINDOWS\SYSTEM32\WINMM.dll
0x00007ffaa2a30000 - 0x00007ffaa2a3a000 	C:\WINDOWS\SYSTEM32\VERSION.dll
0x00007ffaaf780000 - 0x00007ffaaf7f1000 	C:\WINDOWS\System32\WS2_32.dll
0x00007ffaad200000 - 0x00007ffaad218000 	C:\WINDOWS\SYSTEM32\kernel.appcore.dll
0x00007ffa95ef0000 - 0x00007ffa95efa000 	C:\Program Files\Android\Android Studio\jbr\bin\jimage.dll
0x00007ffaaba20000 - 0x00007ffaabc4e000 	C:\WINDOWS\SYSTEM32\DBGHELP.DLL
0x00007ffaaf800000 - 0x00007ffaafb8a000 	C:\WINDOWS\System32\combase.dll
0x00007ffab0130000 - 0x00007ffab0207000 	C:\WINDOWS\System32\OLEAUT32.dll
0x00007ffaa2550000 - 0x00007ffaa2582000 	C:\WINDOWS\SYSTEM32\dbgcore.DLL
0x00007ffaae760000 - 0x00007ffaae7da000 	C:\WINDOWS\System32\bcryptPrimitives.dll
0x00007ffa468a0000 - 0x00007ffa468c5000 	C:\Program Files\Android\Android Studio\jbr\bin\java.dll
0x00007ffa4bdb0000 - 0x00007ffa4bdc8000 	C:\Program Files\Android\Android Studio\jbr\bin\zip.dll
0x00007ffaaed60000 - 0x00007ffaaf583000 	C:\WINDOWS\System32\SHELL32.dll
0x00007ffaac060000 - 0x00007ffaac94a000 	C:\WINDOWS\SYSTEM32\windows.storage.dll
0x00007ffaabf20000 - 0x00007ffaac05e000 	C:\WINDOWS\SYSTEM32\wintypes.dll
0x00007ffab09d0000 - 0x00007ffab0ac3000 	C:\WINDOWS\System32\SHCORE.dll
0x00007ffaaeab0000 - 0x00007ffaaeb0e000 	C:\WINDOWS\System32\shlwapi.dll
0x00007ffaadff0000 - 0x00007ffaae016000 	C:\WINDOWS\SYSTEM32\profapi.dll
0x00007ffa46880000 - 0x00007ffa46899000 	C:\Program Files\Android\Android Studio\jbr\bin\net.dll
0x00007ffaa4af0000 - 0x00007ffaa4c27000 	C:\WINDOWS\SYSTEM32\WINHTTP.dll
0x00007ffaad680000 - 0x00007ffaad6e9000 	C:\WINDOWS\system32\mswsock.dll
0x00007ffa46710000 - 0x00007ffa46726000 	C:\Program Files\Android\Android Studio\jbr\bin\nio.dll
0x00007ffa80520000 - 0x00007ffa80530000 	C:\Program Files\Android\Android Studio\jbr\bin\verify.dll
0x00007ffa6bc80000 - 0x00007ffa6bca7000 	C:\Users\DELL\.gradle\native\68d5fa5c4cc2d200863cafc0d521ce42e7d3e7ee720ec0a83991735586a16f82\windows-amd64\native-platform.dll
0x00007ffa66800000 - 0x00007ffa66944000 	C:\Users\DELL\.gradle\native\e376f236ea51e6404a007f0833ffe2c6e607c4080706a723a18a27aeea778392\windows-amd64\native-platform-file-events.dll
0x00007ffa9d540000 - 0x00007ffa9d549000 	C:\Program Files\Android\Android Studio\jbr\bin\management.dll
0x00007ffa9d530000 - 0x00007ffa9d53b000 	C:\Program Files\Android\Android Studio\jbr\bin\management_ext.dll
0x00007ffab0910000 - 0x00007ffab0918000 	C:\WINDOWS\System32\PSAPI.DLL
0x00007ffaad8e0000 - 0x00007ffaad8fb000 	C:\WINDOWS\SYSTEM32\CRYPTSP.dll
0x00007ffaad170000 - 0x00007ffaad1a5000 	C:\WINDOWS\system32\rsaenh.dll
0x00007ffaad770000 - 0x00007ffaad79c000 	C:\WINDOWS\SYSTEM32\USERENV.dll
0x00007ffaada70000 - 0x00007ffaada98000 	C:\WINDOWS\SYSTEM32\bcrypt.dll
0x00007ffaad8d0000 - 0x00007ffaad8dc000 	C:\WINDOWS\SYSTEM32\CRYPTBASE.dll
0x00007ffaacba0000 - 0x00007ffaacbcd000 	C:\WINDOWS\SYSTEM32\IPHLPAPI.DLL
0x00007ffaaed50000 - 0x00007ffaaed59000 	C:\WINDOWS\System32\NSI.dll
0x00007ffaa3300000 - 0x00007ffaa3319000 	C:\WINDOWS\SYSTEM32\dhcpcsvc6.DLL
0x00007ffaa32e0000 - 0x00007ffaa32ff000 	C:\WINDOWS\SYSTEM32\dhcpcsvc.DLL
0x00007ffaacbd0000 - 0x00007ffaaccc2000 	C:\WINDOWS\SYSTEM32\DNSAPI.dll
0x00007ffa95fa0000 - 0x00007ffa95fa8000 	C:\WINDOWS\system32\wshunix.dll
0x00007ffaa32d0000 - 0x00007ffaa32da000 	C:\Windows\System32\rasadhlp.dll
0x00007ffaa2bb0000 - 0x00007ffaa2c34000 	C:\WINDOWS\System32\fwpuclnt.dll

dbghelp: loaded successfully - version: 4.0.5 - missing functions: none
symbol engine: initialized successfully - sym options: 0x614 - pdb path: .;C:\Program Files\Android\Android Studio\jbr\bin;C:\WINDOWS\SYSTEM32;C:\WINDOWS\WinSxS\amd64_microsoft.windows.common-controls_6595b64144ccf1df_6.0.22621.2215_none_270d72677387dfc3;C:\Program Files\Android\Android Studio\jbr\bin\server;C:\Users\DELL\.gradle\native\68d5fa5c4cc2d200863cafc0d521ce42e7d3e7ee720ec0a83991735586a16f82\windows-amd64;C:\Users\DELL\.gradle\native\e376f236ea51e6404a007f0833ffe2c6e607c4080706a723a18a27aeea778392\windows-amd64

VM Arguments:
jvm_args: --add-opens=java.base/java.util=ALL-UNNAMED --add-opens=java.base/java.lang=ALL-UNNAMED --add-opens=java.base/java.lang.invoke=ALL-UNNAMED --add-opens=java.prefs/java.util.prefs=ALL-UNNAMED --add-opens=java.base/java.nio.charset=ALL-UNNAMED --add-opens=java.base/java.net=ALL-UNNAMED --add-opens=java.base/java.util.concurrent.atomic=ALL-UNNAMED -Xmx2048m -Dfile.encoding=UTF-8 -Duser.country=US -Duser.language=en -Duser.variant 
java_command: org.gradle.launcher.daemon.bootstrap.GradleDaemon 8.0
java_class_path (initial): C:\Users\DELL\.gradle\wrapper\dists\gradle-8.0-bin\ca5e32bp14vu59qr306oxotwh\gradle-8.0\lib\gradle-launcher-8.0.jar
Launcher Type: SUN_STANDARD

[Global flags]
     intx CICompilerCount                          = 4                                         {product} {ergonomic}
     uint ConcGCThreads                            = 3                                         {product} {ergonomic}
     uint G1ConcRefinementThreads                  = 10                                        {product} {ergonomic}
   size_t G1HeapRegionSize                         = 1048576                                   {product} {ergonomic}
    uintx GCDrainStackTargetSize                   = 64                                        {product} {ergonomic}
   size_t InitialHeapSize                          = 132120576                                 {product} {ergonomic}
   size_t MarkStackSize                            = 4194304                                   {product} {ergonomic}
   size_t MaxHeapSize                              = 2147483648                                {product} {command line}
   size_t MaxNewSize                               = 1287651328                                {product} {ergonomic}
   size_t MinHeapDeltaBytes                        = 1048576                                   {product} {ergonomic}
   size_t MinHeapSize                              = 8388608                                   {product} {ergonomic}
    uintx NonNMethodCodeHeapSize                   = 5839372                                {pd product} {ergonomic}
    uintx NonProfiledCodeHeapSize                  = 122909434                              {pd product} {ergonomic}
    uintx ProfiledCodeHeapSize                     = 122909434                              {pd product} {ergonomic}
    uintx ReservedCodeCacheSize                    = 251658240                              {pd product} {ergonomic}
     bool SegmentedCodeCache                       = true                                      {product} {ergonomic}
   size_t SoftMaxHeapSize                          = 2147483648                             {manageable} {ergonomic}
     bool UseCompressedClassPointers               = true                           {product lp64_product} {ergonomic}
     bool UseCompressedOops                        = true                           {product lp64_product} {ergonomic}
     bool UseG1GC                                  = true                                      {product} {ergonomic}
     bool UseLargePagesIndividualAllocation        = false                                  {pd product} {ergonomic}

Logging:
Log output configuration:
 #0: stdout all=warning uptime,level,tags
 #1: stderr all=off uptime,level,tags

Environment Variables:
PATH=C:\Program Files\Common Files\Oracle\Java\javapath;C:\Program Files\Eclipse Adoptium\jdk-17.0.6.10-hotspot\bin;C:\Windows\system32;C:\Windows;C:\Windows\System32\Wbem;C:\Windows\System32\WindowsPowerShell\v1.0\;C:\Windows\System32\OpenSSH\;C:\Program Files (x86)\NVIDIA Corporation\PhysX\Common;C:\Program Files\NVIDIA Corporation\NVIDIA NvDLISR;C:\WINDOWS\system32;C:\WINDOWS;C:\WINDOWS\System32\Wbem;C:\WINDOWS\System32\WindowsPowerShell\v1.0\;C:\WINDOWS\System32\OpenSSH\;C:\Program Files\Azure Data Studio\bin;D:\Git\cmd;C:\Users\DELL\AppData\Local\Microsoft\WindowsApps;C:\Program Files\JetBrains\PyCharm Community Edition 2022.2.2\bin;;C:\Program Files\JetBrains\IntelliJ IDEA Community Edition 2022.3.2\bin;;C:\Users\DELL\Downloads\dart-sdk\bin;C:\Users\DELL\Downloads\flutter\bin;C:\Program Files\Azure Data Studio\bin;C:\Users\DELL\AppData\Local\GitHubDesktop\bin;D:\Android Studio\jdk-20\bin
USERNAME=DELL
OS=Windows_NT
PROCESSOR_IDENTIFIER=Intel64 Family 6 Model 165 Stepping 2, GenuineIntel
TMP=C:\Users\DELL\AppData\Local\Temp
TEMP=C:\Users\DELL\AppData\Local\Temp


JNI global refs:
JNI global refs: 26, weak refs: 1

JNI global refs memory usage: 843, weak refs: 841


---------------  S Y S T E M  ---------------

OS:
 Windows 11 , 64 bit Build 22621 (10.0.22621.2215)
OS uptime: 3 days 0:50 hours

CPU: total 12 (initial active 12) (6 cores per cpu, 2 threads per core) family 6 model 165 stepping 2 microcode 0xf4, cx8, cmov, fxsr, ht, mmx, 3dnowpref, sse, sse2, sse3, ssse3, sse4.1, sse4.2, popcnt, lzcnt, tsc, tscinvbit, avx, avx2, aes, erms, clmul, bmi1, bmi2, adx, fma, vzeroupper, clflush, clflushopt

Memory: 4k page, system-wide physical 7967M (286M free)
TotalPageFile size 16159M (AvailPageFile size 10M)
current process WorkingSet (physical memory assigned to process): 333M, peak: 333M
current process commit charge ("private bytes"): 375M, peak: 402M

vm_info: OpenJDK 64-Bit Server VM (17.0.6+0-b2043.56-10027231) for windows-amd64 JRE (17.0.6+0-b2043.56-10027231), built on Apr 28 2023 00:43:19 by "androidbuild" with MS VC++ 16.10 / 16.11 (VS2019)

END.
